<?xml version="1.0" encoding="UTF-8"?>
<testsuite xmlns:xsi="http://www.w3.org/2001/XMLSchema-instance" xsi:noNamespaceSchemaLocation="https://maven.apache.org/surefire/maven-surefire-plugin/xsd/surefire-test-report-3.0.xsd" version="3.0" name="TestSuite" time="141.719" tests="130" errors="0" skipped="0" failures="7">
  <properties>
    <property name="java.specification.version" value="17"/>
    <property name="sun.cpu.isalist" value="amd64"/>
    <property name="sun.jnu.encoding" value="Cp1252"/>
    <property name="java.class.path" value="C:\Users\HP\eclipse-workspace\CGI_AUG2026_Copy\target\test-classes;C:\Users\HP\eclipse-workspace\CGI_AUG2026_Copy\target\classes;C:\Users\HP\.m2\repository\org\seleniumhq\selenium\selenium-java\4.35.0\selenium-java-4.35.0.jar;C:\Users\HP\.m2\repository\org\seleniumhq\selenium\selenium-api\4.35.0\selenium-api-4.35.0.jar;C:\Users\HP\.m2\repository\org\jspecify\jspecify\1.0.0\jspecify-1.0.0.jar;C:\Users\HP\.m2\repository\org\seleniumhq\selenium\selenium-chrome-driver\4.35.0\selenium-chrome-driver-4.35.0.jar;C:\Users\HP\.m2\repository\com\google\auto\service\auto-service-annotations\1.1.1\auto-service-annotations-1.1.1.jar;C:\Users\HP\.m2\repository\org\seleniumhq\selenium\selenium-chromium-driver\4.35.0\selenium-chromium-driver-4.35.0.jar;C:\Users\HP\.m2\repository\org\seleniumhq\selenium\selenium-json\4.35.0\selenium-json-4.35.0.jar;C:\Users\HP\.m2\repository\org\seleniumhq\selenium\selenium-manager\4.35.0\selenium-manager-4.35.0.jar;C:\Users\HP\.m2\repository\org\seleniumhq\selenium\selenium-devtools-v137\4.35.0\selenium-devtools-v137-4.35.0.jar;C:\Users\HP\.m2\repository\org\seleniumhq\selenium\selenium-devtools-v138\4.35.0\selenium-devtools-v138-4.35.0.jar;C:\Users\HP\.m2\repository\org\seleniumhq\selenium\selenium-devtools-v139\4.35.0\selenium-devtools-v139-4.35.0.jar;C:\Users\HP\.m2\repository\org\seleniumhq\selenium\selenium-edge-driver\4.35.0\selenium-edge-driver-4.35.0.jar;C:\Users\HP\.m2\repository\org\seleniumhq\selenium\selenium-firefox-driver\4.35.0\selenium-firefox-driver-4.35.0.jar;C:\Users\HP\.m2\repository\org\seleniumhq\selenium\selenium-http\4.35.0\selenium-http-4.35.0.jar;C:\Users\HP\.m2\repository\org\seleniumhq\selenium\selenium-ie-driver\4.35.0\selenium-ie-driver-4.35.0.jar;C:\Users\HP\.m2\repository\org\seleniumhq\selenium\selenium-remote-driver\4.35.0\selenium-remote-driver-4.35.0.jar;C:\Users\HP\.m2\repository\com\google\guava\guava\33.4.8-jre\guava-33.4.8-jre.jar;C:\Users\HP\.m2\repository\com\google\guava\failureaccess\1.0.3\failureaccess-1.0.3.jar;C:\Users\HP\.m2\repository\com\google\guava\listenablefuture\9999.0-empty-to-avoid-conflict-with-guava\listenablefuture-9999.0-empty-to-avoid-conflict-with-guava.jar;C:\Users\HP\.m2\repository\com\google\j2objc\j2objc-annotations\3.0.0\j2objc-annotations-3.0.0.jar;C:\Users\HP\.m2\repository\io\opentelemetry\opentelemetry-api\1.53.0\opentelemetry-api-1.53.0.jar;C:\Users\HP\.m2\repository\io\opentelemetry\opentelemetry-context\1.53.0\opentelemetry-context-1.53.0.jar;C:\Users\HP\.m2\repository\io\opentelemetry\opentelemetry-common\1.53.0\opentelemetry-common-1.53.0.jar;C:\Users\HP\.m2\repository\io\opentelemetry\opentelemetry-exporter-logging\1.53.0\opentelemetry-exporter-logging-1.53.0.jar;C:\Users\HP\.m2\repository\io\opentelemetry\opentelemetry-sdk-common\1.53.0\opentelemetry-sdk-common-1.53.0.jar;C:\Users\HP\.m2\repository\io\opentelemetry\opentelemetry-sdk-extension-autoconfigure-spi\1.53.0\opentelemetry-sdk-extension-autoconfigure-spi-1.53.0.jar;C:\Users\HP\.m2\repository\io\opentelemetry\opentelemetry-sdk-extension-autoconfigure\1.53.0\opentelemetry-sdk-extension-autoconfigure-1.53.0.jar;C:\Users\HP\.m2\repository\io\opentelemetry\opentelemetry-sdk-trace\1.53.0\opentelemetry-sdk-trace-1.53.0.jar;C:\Users\HP\.m2\repository\io\opentelemetry\opentelemetry-sdk\1.53.0\opentelemetry-sdk-1.53.0.jar;C:\Users\HP\.m2\repository\io\opentelemetry\opentelemetry-sdk-metrics\1.53.0\opentelemetry-sdk-metrics-1.53.0.jar;C:\Users\HP\.m2\repository\io\opentelemetry\opentelemetry-sdk-logs\1.53.0\opentelemetry-sdk-logs-1.53.0.jar;C:\Users\HP\.m2\repository\net\bytebuddy\byte-buddy\1.17.6\byte-buddy-1.17.6.jar;C:\Users\HP\.m2\repository\org\seleniumhq\selenium\selenium-os\4.35.0\selenium-os-4.35.0.jar;C:\Users\HP\.m2\repository\org\apache\commons\commons-exec\1.5.0\commons-exec-1.5.0.jar;C:\Users\HP\.m2\repository\org\seleniumhq\selenium\selenium-safari-driver\4.35.0\selenium-safari-driver-4.35.0.jar;C:\Users\HP\.m2\repository\org\seleniumhq\selenium\selenium-support\4.35.0\selenium-support-4.35.0.jar;C:\Users\HP\.m2\repository\io\github\bonigarcia\webdrivermanager\6.2.0\webdrivermanager-6.2.0.jar;C:\Users\HP\.m2\repository\org\slf4j\slf4j-api\2.0.17\slf4j-api-2.0.17.jar;C:\Users\HP\.m2\repository\com\google\code\gson\gson\2.13.1\gson-2.13.1.jar;C:\Users\HP\.m2\repository\com\google\errorprone\error_prone_annotations\2.38.0\error_prone_annotations-2.38.0.jar;C:\Users\HP\.m2\repository\com\github\docker-java\docker-java\3.5.3\docker-java-3.5.3.jar;C:\Users\HP\.m2\repository\com\github\docker-java\docker-java-core\3.5.3\docker-java-core-3.5.3.jar;C:\Users\HP\.m2\repository\com\github\docker-java\docker-java-api\3.5.3\docker-java-api-3.5.3.jar;C:\Users\HP\.m2\repository\com\fasterxml\jackson\core\jackson-annotations\2.18.4\jackson-annotations-2.18.4.jar;C:\Users\HP\.m2\repository\com\fasterxml\jackson\core\jackson-databind\2.18.4\jackson-databind-2.18.4.jar;C:\Users\HP\.m2\repository\com\fasterxml\jackson\core\jackson-core\2.18.4\jackson-core-2.18.4.jar;C:\Users\HP\.m2\repository\org\slf4j\jcl-over-slf4j\1.7.30\jcl-over-slf4j-1.7.30.jar;C:\Users\HP\.m2\repository\com\github\docker-java\docker-java-transport-httpclient5\3.5.3\docker-java-transport-httpclient5-3.5.3.jar;C:\Users\HP\.m2\repository\com\github\docker-java\docker-java-transport\3.5.3\docker-java-transport-3.5.3.jar;C:\Users\HP\.m2\repository\net\java\dev\jna\jna\5.17.0\jna-5.17.0.jar;C:\Users\HP\.m2\repository\org\brotli\dec\0.1.2\dec-0.1.2.jar;C:\Users\HP\.m2\repository\org\apache\commons\commons-lang3\3.18.0\commons-lang3-3.18.0.jar;C:\Users\HP\.m2\repository\org\apache\commons\commons-compress\1.27.1\commons-compress-1.27.1.jar;C:\Users\HP\.m2\repository\org\apache\httpcomponents\client5\httpclient5\5.4.3\httpclient5-5.4.3.jar;C:\Users\HP\.m2\repository\org\apache\httpcomponents\core5\httpcore5\5.3.4\httpcore5-5.3.4.jar;C:\Users\HP\.m2\repository\org\apache\httpcomponents\core5\httpcore5-h2\5.3.4\httpcore5-h2-5.3.4.jar;C:\Users\HP\.m2\repository\net\java\dev\jna\jna-platform\5.17.0\jna-platform-5.17.0.jar;C:\Users\HP\.m2\repository\org\testng\testng\7.10.2\testng-7.10.2.jar;C:\Users\HP\.m2\repository\com\beust\jcommander\1.82\jcommander-1.82.jar;C:\Users\HP\.m2\repository\org\webjars\jquery\3.7.1\jquery-3.7.1.jar;C:\Users\HP\.m2\repository\org\apache\poi\poi\5.4.1\poi-5.4.1.jar;C:\Users\HP\.m2\repository\commons-codec\commons-codec\1.18.0\commons-codec-1.18.0.jar;C:\Users\HP\.m2\repository\org\apache\commons\commons-collections4\4.4\commons-collections4-4.4.jar;C:\Users\HP\.m2\repository\org\apache\commons\commons-math3\3.6.1\commons-math3-3.6.1.jar;C:\Users\HP\.m2\repository\commons-io\commons-io\2.18.0\commons-io-2.18.0.jar;C:\Users\HP\.m2\repository\com\zaxxer\SparseBitSet\1.3\SparseBitSet-1.3.jar;C:\Users\HP\.m2\repository\org\apache\logging\log4j\log4j-api\2.24.3\log4j-api-2.24.3.jar;C:\Users\HP\.m2\repository\org\apache\poi\poi-ooxml\5.4.1\poi-ooxml-5.4.1.jar;C:\Users\HP\.m2\repository\org\apache\poi\poi-ooxml-lite\5.4.1\poi-ooxml-lite-5.4.1.jar;C:\Users\HP\.m2\repository\org\apache\xmlbeans\xmlbeans\5.3.0\xmlbeans-5.3.0.jar;C:\Users\HP\.m2\repository\com\github\virtuald\curvesapi\1.08\curvesapi-1.08.jar;C:\Users\HP\.m2\repository\com\aventstack\extentreports\5.1.1\extentreports-5.1.1.jar;C:\Users\HP\.m2\repository\io\reactivex\rxjava3\rxjava\3.1.6\rxjava-3.1.6.jar;C:\Users\HP\.m2\repository\org\reactivestreams\reactive-streams\1.0.4\reactive-streams-1.0.4.jar;C:\Users\HP\.m2\repository\org\freemarker\freemarker\2.3.32\freemarker-2.3.32.jar;C:\Users\HP\.m2\repository\org\projectlombok\lombok\1.18.26\lombok-1.18.26.jar;C:\Users\HP\.m2\repository\com\applitools\eyes-selenium-java5\5.81.0\eyes-selenium-java5-5.81.0.jar;C:\Users\HP\.m2\repository\com\applitools\eyes-selenium-common-java5\5.72.0\eyes-selenium-common-java5-5.72.0.jar;C:\Users\HP\.m2\repository\com\applitools\eyes-sdk-core-java5\5.84.0\eyes-sdk-core-java5-5.84.0.jar;C:\Users\HP\.m2\repository\com\applitools\eyes-universal-core\5.75.0\eyes-universal-core-5.75.0.jar;C:\Users\HP\.m2\repository\com\applitools\eyes-common-java5\5.69.0\eyes-common-java5-5.69.0.jar;C:\Users\HP\.m2\repository\org\imgscalr\imgscalr-lib\4.2\imgscalr-lib-4.2.jar;C:\Users\HP\.m2\repository\org\jsoup\jsoup\1.15.3\jsoup-1.15.3.jar;C:\Users\HP\.m2\repository\com\applitools\eyes-universal-core-win\5.75.0\eyes-universal-core-win-5.75.0.jar;C:\Users\HP\.m2\repository\com\applitools\eyes-ufg-java5\5.73.0\eyes-ufg-java5-5.73.0.jar;C:\Users\HP\.m2\repository\javax\websocket\javax.websocket-client-api\1.1\javax.websocket-client-api-1.1.jar;C:\Users\HP\.m2\repository\com\helger\ph-css\6.1.1\ph-css-6.1.1.jar;C:\Users\HP\.m2\repository\com\helger\ph-commons\9.0.2\ph-commons-9.0.2.jar;C:\Users\HP\.m2\repository\com\google\code\findbugs\jsr305\3.0.2\jsr305-3.0.2.jar;C:\Users\HP\.m2\repository\junit\junit\4.13.2\junit-4.13.2.jar;C:\Users\HP\.m2\repository\org\hamcrest\hamcrest-core\1.3\hamcrest-core-1.3.jar;C:\Users\HP\.m2\repository\org\hamcrest\hamcrest\3.0\hamcrest-3.0.jar;C:\Users\HP\.m2\repository\io\cucumber\cucumber-java\7.27.2\cucumber-java-7.27.2.jar;C:\Users\HP\.m2\repository\org\apiguardian\apiguardian-api\1.1.2\apiguardian-api-1.1.2.jar;C:\Users\HP\.m2\repository\io\cucumber\cucumber-core\7.27.2\cucumber-core-7.27.2.jar;C:\Users\HP\.m2\repository\io\cucumber\cucumber-gherkin\7.27.2\cucumber-gherkin-7.27.2.jar;C:\Users\HP\.m2\repository\io\cucumber\cucumber-gherkin-messages\7.27.2\cucumber-gherkin-messages-7.27.2.jar;C:\Users\HP\.m2\repository\io\cucumber\gherkin\34.0.0\gherkin-34.0.0.jar;C:\Users\HP\.m2\repository\org\assertj\assertj-core\3.27.4\assertj-core-3.27.4.jar;C:\Users\HP\.m2\repository\io\cucumber\messages\28.1.0\messages-28.1.0.jar;C:\Users\HP\.m2\repository\io\cucumber\pretty-formatter\2.1.0\pretty-formatter-2.1.0.jar;C:\Users\HP\.m2\repository\io\cucumber\query\13.6.0\query-13.6.0.jar;C:\Users\HP\.m2\repository\io\cucumber\testng-xml-formatter\0.5.0\testng-xml-formatter-0.5.0.jar;C:\Users\HP\.m2\repository\io\cucumber\tag-expressions\6.1.2\tag-expressions-6.1.2.jar;C:\Users\HP\.m2\repository\io\cucumber\cucumber-expressions\18.0.1\cucumber-expressions-18.0.1.jar;C:\Users\HP\.m2\repository\io\cucumber\datatable\7.27.2\datatable-7.27.2.jar;C:\Users\HP\.m2\repository\io\cucumber\cucumber-plugin\7.27.2\cucumber-plugin-7.27.2.jar;C:\Users\HP\.m2\repository\io\cucumber\docstring\7.27.2\docstring-7.27.2.jar;C:\Users\HP\.m2\repository\io\cucumber\html-formatter\21.13.0\html-formatter-21.13.0.jar;C:\Users\HP\.m2\repository\io\cucumber\junit-xml-formatter\0.8.1\junit-xml-formatter-0.8.1.jar;C:\Users\HP\.m2\repository\io\cucumber\ci-environment\10.0.1\ci-environment-10.0.1.jar;C:\Users\HP\.m2\repository\io\cucumber\cucumber-junit\7.27.2\cucumber-junit-7.27.2.jar;C:\Users\HP\.m2\repository\io\rest-assured\rest-assured\5.5.6\rest-assured-5.5.6.jar;C:\Users\HP\.m2\repository\org\apache\groovy\groovy\4.0.22\groovy-4.0.22.jar;C:\Users\HP\.m2\repository\org\apache\groovy\groovy-xml\4.0.22\groovy-xml-4.0.22.jar;C:\Users\HP\.m2\repository\org\apache\httpcomponents\httpclient\4.5.13\httpclient-4.5.13.jar;C:\Users\HP\.m2\repository\org\apache\httpcomponents\httpcore\4.4.13\httpcore-4.4.13.jar;C:\Users\HP\.m2\repository\commons-logging\commons-logging\1.2\commons-logging-1.2.jar;C:\Users\HP\.m2\repository\org\apache\httpcomponents\httpmime\4.5.13\httpmime-4.5.13.jar;C:\Users\HP\.m2\repository\org\ccil\cowan\tagsoup\tagsoup\1.2.1\tagsoup-1.2.1.jar;C:\Users\HP\.m2\repository\io\rest-assured\json-path\5.5.6\json-path-5.5.6.jar;C:\Users\HP\.m2\repository\org\apache\groovy\groovy-json\4.0.22\groovy-json-4.0.22.jar;C:\Users\HP\.m2\repository\io\rest-assured\rest-assured-common\5.5.6\rest-assured-common-5.5.6.jar;C:\Users\HP\.m2\repository\io\rest-assured\xml-path\5.5.6\xml-path-5.5.6.jar;C:\Users\HP\.m2\repository\com\googlecode\json-simple\json-simple\1.1.1\json-simple-1.1.1.jar;"/>
    <property name="java.vm.vendor" value="Oracle Corporation"/>
    <property name="sun.arch.data.model" value="64"/>
    <property name="user.variant" value=""/>
    <property name="java.vendor.url" value="https://java.oracle.com/"/>
    <property name="user.timezone" value="Asia/Calcutta"/>
    <property name="os.name" value="Windows 10"/>
    <property name="java.vm.specification.version" value="17"/>
    <property name="sun.java.launcher" value="SUN_STANDARD"/>
    <property name="user.country" value="IN"/>
    <property name="sun.boot.library.path" value="C:\Program Files\Java\jdk-17\bin"/>
    <property name="sun.java.command" value="C:\Users\HP\AppData\Local\Temp\surefire12396470072158412746\surefirebooter-20250913121017166_3.jar C:\Users\HP\AppData\Local\Temp\surefire12396470072158412746 2025-09-13T12-10-16_891-jvmRun1 surefire-20250913121017166_1tmp surefire_0-20250913121017166_2tmp"/>
    <property name="jdk.debug" value="release"/>
    <property name="surefire.test.class.path" value="C:\Users\HP\eclipse-workspace\CGI_AUG2026_Copy\target\test-classes;C:\Users\HP\eclipse-workspace\CGI_AUG2026_Copy\target\classes;C:\Users\HP\.m2\repository\org\seleniumhq\selenium\selenium-java\4.35.0\selenium-java-4.35.0.jar;C:\Users\HP\.m2\repository\org\seleniumhq\selenium\selenium-api\4.35.0\selenium-api-4.35.0.jar;C:\Users\HP\.m2\repository\org\jspecify\jspecify\1.0.0\jspecify-1.0.0.jar;C:\Users\HP\.m2\repository\org\seleniumhq\selenium\selenium-chrome-driver\4.35.0\selenium-chrome-driver-4.35.0.jar;C:\Users\HP\.m2\repository\com\google\auto\service\auto-service-annotations\1.1.1\auto-service-annotations-1.1.1.jar;C:\Users\HP\.m2\repository\org\seleniumhq\selenium\selenium-chromium-driver\4.35.0\selenium-chromium-driver-4.35.0.jar;C:\Users\HP\.m2\repository\org\seleniumhq\selenium\selenium-json\4.35.0\selenium-json-4.35.0.jar;C:\Users\HP\.m2\repository\org\seleniumhq\selenium\selenium-manager\4.35.0\selenium-manager-4.35.0.jar;C:\Users\HP\.m2\repository\org\seleniumhq\selenium\selenium-devtools-v137\4.35.0\selenium-devtools-v137-4.35.0.jar;C:\Users\HP\.m2\repository\org\seleniumhq\selenium\selenium-devtools-v138\4.35.0\selenium-devtools-v138-4.35.0.jar;C:\Users\HP\.m2\repository\org\seleniumhq\selenium\selenium-devtools-v139\4.35.0\selenium-devtools-v139-4.35.0.jar;C:\Users\HP\.m2\repository\org\seleniumhq\selenium\selenium-edge-driver\4.35.0\selenium-edge-driver-4.35.0.jar;C:\Users\HP\.m2\repository\org\seleniumhq\selenium\selenium-firefox-driver\4.35.0\selenium-firefox-driver-4.35.0.jar;C:\Users\HP\.m2\repository\org\seleniumhq\selenium\selenium-http\4.35.0\selenium-http-4.35.0.jar;C:\Users\HP\.m2\repository\org\seleniumhq\selenium\selenium-ie-driver\4.35.0\selenium-ie-driver-4.35.0.jar;C:\Users\HP\.m2\repository\org\seleniumhq\selenium\selenium-remote-driver\4.35.0\selenium-remote-driver-4.35.0.jar;C:\Users\HP\.m2\repository\com\google\guava\guava\33.4.8-jre\guava-33.4.8-jre.jar;C:\Users\HP\.m2\repository\com\google\guava\failureaccess\1.0.3\failureaccess-1.0.3.jar;C:\Users\HP\.m2\repository\com\google\guava\listenablefuture\9999.0-empty-to-avoid-conflict-with-guava\listenablefuture-9999.0-empty-to-avoid-conflict-with-guava.jar;C:\Users\HP\.m2\repository\com\google\j2objc\j2objc-annotations\3.0.0\j2objc-annotations-3.0.0.jar;C:\Users\HP\.m2\repository\io\opentelemetry\opentelemetry-api\1.53.0\opentelemetry-api-1.53.0.jar;C:\Users\HP\.m2\repository\io\opentelemetry\opentelemetry-context\1.53.0\opentelemetry-context-1.53.0.jar;C:\Users\HP\.m2\repository\io\opentelemetry\opentelemetry-common\1.53.0\opentelemetry-common-1.53.0.jar;C:\Users\HP\.m2\repository\io\opentelemetry\opentelemetry-exporter-logging\1.53.0\opentelemetry-exporter-logging-1.53.0.jar;C:\Users\HP\.m2\repository\io\opentelemetry\opentelemetry-sdk-common\1.53.0\opentelemetry-sdk-common-1.53.0.jar;C:\Users\HP\.m2\repository\io\opentelemetry\opentelemetry-sdk-extension-autoconfigure-spi\1.53.0\opentelemetry-sdk-extension-autoconfigure-spi-1.53.0.jar;C:\Users\HP\.m2\repository\io\opentelemetry\opentelemetry-sdk-extension-autoconfigure\1.53.0\opentelemetry-sdk-extension-autoconfigure-1.53.0.jar;C:\Users\HP\.m2\repository\io\opentelemetry\opentelemetry-sdk-trace\1.53.0\opentelemetry-sdk-trace-1.53.0.jar;C:\Users\HP\.m2\repository\io\opentelemetry\opentelemetry-sdk\1.53.0\opentelemetry-sdk-1.53.0.jar;C:\Users\HP\.m2\repository\io\opentelemetry\opentelemetry-sdk-metrics\1.53.0\opentelemetry-sdk-metrics-1.53.0.jar;C:\Users\HP\.m2\repository\io\opentelemetry\opentelemetry-sdk-logs\1.53.0\opentelemetry-sdk-logs-1.53.0.jar;C:\Users\HP\.m2\repository\net\bytebuddy\byte-buddy\1.17.6\byte-buddy-1.17.6.jar;C:\Users\HP\.m2\repository\org\seleniumhq\selenium\selenium-os\4.35.0\selenium-os-4.35.0.jar;C:\Users\HP\.m2\repository\org\apache\commons\commons-exec\1.5.0\commons-exec-1.5.0.jar;C:\Users\HP\.m2\repository\org\seleniumhq\selenium\selenium-safari-driver\4.35.0\selenium-safari-driver-4.35.0.jar;C:\Users\HP\.m2\repository\org\seleniumhq\selenium\selenium-support\4.35.0\selenium-support-4.35.0.jar;C:\Users\HP\.m2\repository\io\github\bonigarcia\webdrivermanager\6.2.0\webdrivermanager-6.2.0.jar;C:\Users\HP\.m2\repository\org\slf4j\slf4j-api\2.0.17\slf4j-api-2.0.17.jar;C:\Users\HP\.m2\repository\com\google\code\gson\gson\2.13.1\gson-2.13.1.jar;C:\Users\HP\.m2\repository\com\google\errorprone\error_prone_annotations\2.38.0\error_prone_annotations-2.38.0.jar;C:\Users\HP\.m2\repository\com\github\docker-java\docker-java\3.5.3\docker-java-3.5.3.jar;C:\Users\HP\.m2\repository\com\github\docker-java\docker-java-core\3.5.3\docker-java-core-3.5.3.jar;C:\Users\HP\.m2\repository\com\github\docker-java\docker-java-api\3.5.3\docker-java-api-3.5.3.jar;C:\Users\HP\.m2\repository\com\fasterxml\jackson\core\jackson-annotations\2.18.4\jackson-annotations-2.18.4.jar;C:\Users\HP\.m2\repository\com\fasterxml\jackson\core\jackson-databind\2.18.4\jackson-databind-2.18.4.jar;C:\Users\HP\.m2\repository\com\fasterxml\jackson\core\jackson-core\2.18.4\jackson-core-2.18.4.jar;C:\Users\HP\.m2\repository\org\slf4j\jcl-over-slf4j\1.7.30\jcl-over-slf4j-1.7.30.jar;C:\Users\HP\.m2\repository\com\github\docker-java\docker-java-transport-httpclient5\3.5.3\docker-java-transport-httpclient5-3.5.3.jar;C:\Users\HP\.m2\repository\com\github\docker-java\docker-java-transport\3.5.3\docker-java-transport-3.5.3.jar;C:\Users\HP\.m2\repository\net\java\dev\jna\jna\5.17.0\jna-5.17.0.jar;C:\Users\HP\.m2\repository\org\brotli\dec\0.1.2\dec-0.1.2.jar;C:\Users\HP\.m2\repository\org\apache\commons\commons-lang3\3.18.0\commons-lang3-3.18.0.jar;C:\Users\HP\.m2\repository\org\apache\commons\commons-compress\1.27.1\commons-compress-1.27.1.jar;C:\Users\HP\.m2\repository\org\apache\httpcomponents\client5\httpclient5\5.4.3\httpclient5-5.4.3.jar;C:\Users\HP\.m2\repository\org\apache\httpcomponents\core5\httpcore5\5.3.4\httpcore5-5.3.4.jar;C:\Users\HP\.m2\repository\org\apache\httpcomponents\core5\httpcore5-h2\5.3.4\httpcore5-h2-5.3.4.jar;C:\Users\HP\.m2\repository\net\java\dev\jna\jna-platform\5.17.0\jna-platform-5.17.0.jar;C:\Users\HP\.m2\repository\org\testng\testng\7.10.2\testng-7.10.2.jar;C:\Users\HP\.m2\repository\com\beust\jcommander\1.82\jcommander-1.82.jar;C:\Users\HP\.m2\repository\org\webjars\jquery\3.7.1\jquery-3.7.1.jar;C:\Users\HP\.m2\repository\org\apache\poi\poi\5.4.1\poi-5.4.1.jar;C:\Users\HP\.m2\repository\commons-codec\commons-codec\1.18.0\commons-codec-1.18.0.jar;C:\Users\HP\.m2\repository\org\apache\commons\commons-collections4\4.4\commons-collections4-4.4.jar;C:\Users\HP\.m2\repository\org\apache\commons\commons-math3\3.6.1\commons-math3-3.6.1.jar;C:\Users\HP\.m2\repository\commons-io\commons-io\2.18.0\commons-io-2.18.0.jar;C:\Users\HP\.m2\repository\com\zaxxer\SparseBitSet\1.3\SparseBitSet-1.3.jar;C:\Users\HP\.m2\repository\org\apache\logging\log4j\log4j-api\2.24.3\log4j-api-2.24.3.jar;C:\Users\HP\.m2\repository\org\apache\poi\poi-ooxml\5.4.1\poi-ooxml-5.4.1.jar;C:\Users\HP\.m2\repository\org\apache\poi\poi-ooxml-lite\5.4.1\poi-ooxml-lite-5.4.1.jar;C:\Users\HP\.m2\repository\org\apache\xmlbeans\xmlbeans\5.3.0\xmlbeans-5.3.0.jar;C:\Users\HP\.m2\repository\com\github\virtuald\curvesapi\1.08\curvesapi-1.08.jar;C:\Users\HP\.m2\repository\com\aventstack\extentreports\5.1.1\extentreports-5.1.1.jar;C:\Users\HP\.m2\repository\io\reactivex\rxjava3\rxjava\3.1.6\rxjava-3.1.6.jar;C:\Users\HP\.m2\repository\org\reactivestreams\reactive-streams\1.0.4\reactive-streams-1.0.4.jar;C:\Users\HP\.m2\repository\org\freemarker\freemarker\2.3.32\freemarker-2.3.32.jar;C:\Users\HP\.m2\repository\org\projectlombok\lombok\1.18.26\lombok-1.18.26.jar;C:\Users\HP\.m2\repository\com\applitools\eyes-selenium-java5\5.81.0\eyes-selenium-java5-5.81.0.jar;C:\Users\HP\.m2\repository\com\applitools\eyes-selenium-common-java5\5.72.0\eyes-selenium-common-java5-5.72.0.jar;C:\Users\HP\.m2\repository\com\applitools\eyes-sdk-core-java5\5.84.0\eyes-sdk-core-java5-5.84.0.jar;C:\Users\HP\.m2\repository\com\applitools\eyes-universal-core\5.75.0\eyes-universal-core-5.75.0.jar;C:\Users\HP\.m2\repository\com\applitools\eyes-common-java5\5.69.0\eyes-common-java5-5.69.0.jar;C:\Users\HP\.m2\repository\org\imgscalr\imgscalr-lib\4.2\imgscalr-lib-4.2.jar;C:\Users\HP\.m2\repository\org\jsoup\jsoup\1.15.3\jsoup-1.15.3.jar;C:\Users\HP\.m2\repository\com\applitools\eyes-universal-core-win\5.75.0\eyes-universal-core-win-5.75.0.jar;C:\Users\HP\.m2\repository\com\applitools\eyes-ufg-java5\5.73.0\eyes-ufg-java5-5.73.0.jar;C:\Users\HP\.m2\repository\javax\websocket\javax.websocket-client-api\1.1\javax.websocket-client-api-1.1.jar;C:\Users\HP\.m2\repository\com\helger\ph-css\6.1.1\ph-css-6.1.1.jar;C:\Users\HP\.m2\repository\com\helger\ph-commons\9.0.2\ph-commons-9.0.2.jar;C:\Users\HP\.m2\repository\com\google\code\findbugs\jsr305\3.0.2\jsr305-3.0.2.jar;C:\Users\HP\.m2\repository\junit\junit\4.13.2\junit-4.13.2.jar;C:\Users\HP\.m2\repository\org\hamcrest\hamcrest-core\1.3\hamcrest-core-1.3.jar;C:\Users\HP\.m2\repository\org\hamcrest\hamcrest\3.0\hamcrest-3.0.jar;C:\Users\HP\.m2\repository\io\cucumber\cucumber-java\7.27.2\cucumber-java-7.27.2.jar;C:\Users\HP\.m2\repository\org\apiguardian\apiguardian-api\1.1.2\apiguardian-api-1.1.2.jar;C:\Users\HP\.m2\repository\io\cucumber\cucumber-core\7.27.2\cucumber-core-7.27.2.jar;C:\Users\HP\.m2\repository\io\cucumber\cucumber-gherkin\7.27.2\cucumber-gherkin-7.27.2.jar;C:\Users\HP\.m2\repository\io\cucumber\cucumber-gherkin-messages\7.27.2\cucumber-gherkin-messages-7.27.2.jar;C:\Users\HP\.m2\repository\io\cucumber\gherkin\34.0.0\gherkin-34.0.0.jar;C:\Users\HP\.m2\repository\org\assertj\assertj-core\3.27.4\assertj-core-3.27.4.jar;C:\Users\HP\.m2\repository\io\cucumber\messages\28.1.0\messages-28.1.0.jar;C:\Users\HP\.m2\repository\io\cucumber\pretty-formatter\2.1.0\pretty-formatter-2.1.0.jar;C:\Users\HP\.m2\repository\io\cucumber\query\13.6.0\query-13.6.0.jar;C:\Users\HP\.m2\repository\io\cucumber\testng-xml-formatter\0.5.0\testng-xml-formatter-0.5.0.jar;C:\Users\HP\.m2\repository\io\cucumber\tag-expressions\6.1.2\tag-expressions-6.1.2.jar;C:\Users\HP\.m2\repository\io\cucumber\cucumber-expressions\18.0.1\cucumber-expressions-18.0.1.jar;C:\Users\HP\.m2\repository\io\cucumber\datatable\7.27.2\datatable-7.27.2.jar;C:\Users\HP\.m2\repository\io\cucumber\cucumber-plugin\7.27.2\cucumber-plugin-7.27.2.jar;C:\Users\HP\.m2\repository\io\cucumber\docstring\7.27.2\docstring-7.27.2.jar;C:\Users\HP\.m2\repository\io\cucumber\html-formatter\21.13.0\html-formatter-21.13.0.jar;C:\Users\HP\.m2\repository\io\cucumber\junit-xml-formatter\0.8.1\junit-xml-formatter-0.8.1.jar;C:\Users\HP\.m2\repository\io\cucumber\ci-environment\10.0.1\ci-environment-10.0.1.jar;C:\Users\HP\.m2\repository\io\cucumber\cucumber-junit\7.27.2\cucumber-junit-7.27.2.jar;C:\Users\HP\.m2\repository\io\rest-assured\rest-assured\5.5.6\rest-assured-5.5.6.jar;C:\Users\HP\.m2\repository\org\apache\groovy\groovy\4.0.22\groovy-4.0.22.jar;C:\Users\HP\.m2\repository\org\apache\groovy\groovy-xml\4.0.22\groovy-xml-4.0.22.jar;C:\Users\HP\.m2\repository\org\apache\httpcomponents\httpclient\4.5.13\httpclient-4.5.13.jar;C:\Users\HP\.m2\repository\org\apache\httpcomponents\httpcore\4.4.13\httpcore-4.4.13.jar;C:\Users\HP\.m2\repository\commons-logging\commons-logging\1.2\commons-logging-1.2.jar;C:\Users\HP\.m2\repository\org\apache\httpcomponents\httpmime\4.5.13\httpmime-4.5.13.jar;C:\Users\HP\.m2\repository\org\ccil\cowan\tagsoup\tagsoup\1.2.1\tagsoup-1.2.1.jar;C:\Users\HP\.m2\repository\io\rest-assured\json-path\5.5.6\json-path-5.5.6.jar;C:\Users\HP\.m2\repository\org\apache\groovy\groovy-json\4.0.22\groovy-json-4.0.22.jar;C:\Users\HP\.m2\repository\io\rest-assured\rest-assured-common\5.5.6\rest-assured-common-5.5.6.jar;C:\Users\HP\.m2\repository\io\rest-assured\xml-path\5.5.6\xml-path-5.5.6.jar;C:\Users\HP\.m2\repository\com\googlecode\json-simple\json-simple\1.1.1\json-simple-1.1.1.jar;"/>
    <property name="sun.cpu.endian" value="little"/>
    <property name="user.home" value="C:\Users\HP"/>
    <property name="user.language" value="en"/>
    <property name="java.specification.vendor" value="Oracle Corporation"/>
    <property name="java.version.date" value="2024-07-16"/>
    <property name="java.home" value="C:\Program Files\Java\jdk-17"/>
    <property name="file.separator" value="\"/>
    <property name="basedir" value="C:\Users\HP\eclipse-workspace\CGI_AUG2026_Copy"/>
    <property name="java.vm.compressedOopsMode" value="32-bit"/>
    <property name="line.separator" value="&#10;"/>
    <property name="java.vm.specification.vendor" value="Oracle Corporation"/>
    <property name="java.specification.name" value="Java Platform API Specification"/>
    <property name="surefire.real.class.path" value="C:\Users\HP\AppData\Local\Temp\surefire12396470072158412746\surefirebooter-20250913121017166_3.jar"/>
    <property name="user.script" value=""/>
    <property name="sun.management.compiler" value="HotSpot 64-Bit Tiered Compilers"/>
    <property name="java.runtime.version" value="17.0.12+8-LTS-286"/>
    <property name="user.name" value="HP"/>
    <property name="path.separator" value=";"/>
    <property name="os.version" value="10.0"/>
    <property name="java.runtime.name" value="Java(TM) SE Runtime Environment"/>
    <property name="file.encoding" value="Cp1252"/>
    <property name="java.vm.name" value="Java HotSpot(TM) 64-Bit Server VM"/>
    <property name="localRepository" value="C:\Users\HP\.m2\repository"/>
    <property name="java.vendor.url.bug" value="https://bugreport.java.com/bugreport/"/>
    <property name="java.io.tmpdir" value="C:\Users\HP\AppData\Local\Temp\"/>
    <property name="java.version" value="17.0.12"/>
    <property name="user.dir" value="C:\Users\HP\eclipse-workspace\CGI_AUG2026_Copy"/>
    <property name="os.arch" value="amd64"/>
    <property name="java.vm.specification.name" value="Java Virtual Machine Specification"/>
    <property name="sun.os.patch.level" value=""/>
    <property name="native.encoding" value="Cp1252"/>
    <property name="java.library.path" value="C:\Program Files\Java\jdk-17\bin;C:\Windows\Sun\Java\bin;C:\Windows\system32;C:\Windows;C:\Program Files\Eclipse Adoptium\jdk-17.0.16.8-hotspot\bin;C:\Program Files\Common Files\Oracle\Java\javapath;C:\Windows\system32;C:\Windows;C:\Windows\System32\Wbem;C:\Windows\System32\WindowsPowerShell\v1.0\;C:\Windows\System32\OpenSSH\;C:\Program Files\MongoDB\Server\7.0\bin;C:\Users\HP\Downloads\mongosh-2.2.15-win32-x64\bin;C:\Program Files\Java\jdk-23\bin;C:\Program Files\Common Files\Oracle\Java\javapath;C:\Program Files\Git\cmd;C:\maven\apache-maven-3.9.11\bin;C:\Users\HP\AppData\Local\Microsoft\WindowsApps;C:\Users\HP\AppData\Local\Programs\Microsoft VS Code\bin;."/>
    <property name="java.vm.info" value="mixed mode, sharing"/>
    <property name="java.vendor" value="Oracle Corporation"/>
    <property name="java.vm.version" value="17.0.12+8-LTS-286"/>
    <property name="sun.io.unicode.encoding" value="UnicodeLittle"/>
    <property name="java.class.version" value="61.0"/>
  </properties>
  <testcase name="verifyLogoDisplayed" classname="com.ecom.tests.APITestingPageTest_UI" time="1.859">
    <system-err><![CDATA[SLF4J(W): No SLF4J providers were found.
SLF4J(W): Defaulting to no-operation (NOP) logger implementation
SLF4J(W): See https://www.slf4j.org/codes.html#noProviders for further details.
Sep 13, 2025 12:10:23 PM org.openqa.selenium.devtools.CdpVersionFinder findNearestMatch
WARNING: Unable to find an exact match for CDP version 140, returning the closest version; found: 139; Please update to a Selenium version that supports CDP version 140
]]></system-err>
  </testcase>
  <testcase name="verifyProductsIconDisplayed" classname="com.ecom.tests.APITestingPageTest_UI" time="0.348"/>
  <testcase name="verifyCartIconDisplayed" classname="com.ecom.tests.APITestingPageTest_UI" time="0.165"/>
  <testcase name="verifySignupLoginIconDisplayed" classname="com.ecom.tests.APITestingPageTest_UI" time="0.213"/>
  <testcase name="verifyVideoTutorialsIconDisplayed" classname="com.ecom.tests.APITestingPageTest_UI" time="0.14"/>
  <testcase name="verifyHomeIconDisplayed" classname="com.ecom.tests.APITestingPageTest_UI" time="0.138"/>
  <testcase name="verifyContactUsIconDisplayed" classname="com.ecom.tests.APITestingPageTest_UI" time="0.158"/>
  <testcase name="verifyApiTestingIconDisplayed" classname="com.ecom.tests.APITestingPageTest_UI" time="0.155"/>
  <testcase name="verifyApilistSectionDisplayed" classname="com.ecom.tests.APITestingPageTest_UI" time="0.137"/>
  <testcase name="verifyApiList1LinkDisplayed" classname="com.ecom.tests.APITestingPageTest_UI" time="0.568"/>
  <testcase name="verifyApiList2LinkDisplayed" classname="com.ecom.tests.APITestingPageTest_UI" time="0.538"/>
  <testcase name="verifyApiList3LinkDisplayed" classname="com.ecom.tests.APITestingPageTest_UI" time="0.557"/>
  <testcase name="verifyApiList4LinkDisplayed" classname="com.ecom.tests.APITestingPageTest_UI" time="0.522"/>
  <testcase name="verifyApiList5LinkDisplayed" classname="com.ecom.tests.APITestingPageTest_UI" time="0.555"/>
  <testcase name="verifyApiList6LinkDisplayed" classname="com.ecom.tests.APITestingPageTest_UI" time="0.553"/>
  <testcase name="verifyApiList7LinkDisplayed" classname="com.ecom.tests.APITestingPageTest_UI" time="0.501"/>
  <testcase name="verifyApiList8LinkDisplayed" classname="com.ecom.tests.APITestingPageTest_UI" time="0.554"/>
  <testcase name="verifyApiList9LinkDisplayed" classname="com.ecom.tests.APITestingPageTest_UI" time="0.525"/>
  <testcase name="verifyApiList10LinkDisplayed" classname="com.ecom.tests.APITestingPageTest_UI" time="0.589"/>
  <testcase name="verifyApiList11LinkDisplayed" classname="com.ecom.tests.APITestingPageTest_UI" time="0.487"/>
  <testcase name="verifyApiList12LinkDisplayed" classname="com.ecom.tests.APITestingPageTest_UI" time="0.513"/>
  <testcase name="verifyApiList13LinkDisplayed" classname="com.ecom.tests.APITestingPageTest_UI" time="0.569"/>
  <testcase name="verifyApiList14LinkDisplayed" classname="com.ecom.tests.APITestingPageTest_UI" time="0.575"/>
  <testcase name="verifyFeedbackSectionDisplayed" classname="com.ecom.tests.APITestingPageTest_UI" time="0.14"/>
  <testcase name="verifyFeedbackEmailDisplayed" classname="com.ecom.tests.APITestingPageTest_UI" time="0.146"/>
  <testcase name="verifySubscriptionIconVisible" classname="com.ecom.tests.APITestingPageTest_UI" time="0.141"/>
  <testcase name="verifySubscriptionEmpty" classname="com.ecom.tests.APITestingPageTest_UI" time="0.451"/>
  <testcase name="verifySubscriptionInvalid[kaviyaGma.com](1)" classname="com.ecom.tests.APITestingPageTest_UI" time="2.579">
    <system-out><![CDATA[2025-09-13T06:40:40.037935100Z main ERROR Log4j API could not find a logging provider.
Rows: 2, Cols: 1
]]></system-out>
  </testcase>
  <testcase name="verifySubscriptionValid[kaviya@gmail.com](1)" classname="com.ecom.tests.APITestingPageTest_UI" time="0.457">
    <system-out><![CDATA[Rows: 2, Cols: 1
]]></system-out>
  </testcase>
  <testcase name="verifySubscriptionUseralreadyExist[kaviya@gmail.com](1)" classname="com.ecom.tests.APITestingPageTest_UI" time="0.397">
    <failure message="Subscription success message should NOT be displayed! expected [false] but found [true]" type="java.lang.AssertionError"><![CDATA[java.lang.AssertionError: Subscription success message should NOT be displayed! expected [false] but found [true]
	at org.testng.Assert.fail(Assert.java:111)
	at org.testng.Assert.failNotEquals(Assert.java:1578)
	at org.testng.Assert.assertFalse(Assert.java:79)
	at com.ecom.tests.APITestingPageTest_UI.verifySubscriptionUseralreadyExist(APITestingPageTest_UI.java:393)
	at java.base/jdk.internal.reflect.NativeMethodAccessorImpl.invoke0(Native Method)
	at java.base/jdk.internal.reflect.NativeMethodAccessorImpl.invoke(NativeMethodAccessorImpl.java:77)
	at java.base/jdk.internal.reflect.DelegatingMethodAccessorImpl.invoke(DelegatingMethodAccessorImpl.java:43)
	at java.base/java.lang.reflect.Method.invoke(Method.java:568)
	at org.testng.internal.invokers.MethodInvocationHelper.invokeMethod(MethodInvocationHelper.java:141)
	at org.testng.internal.invokers.TestInvoker.invokeMethod(TestInvoker.java:686)
	at org.testng.internal.invokers.TestInvoker.invokeTestMethod(TestInvoker.java:230)
	at org.testng.internal.invokers.MethodRunner.runInSequence(MethodRunner.java:63)
	at org.testng.internal.invokers.TestInvoker$MethodInvocationAgent.invoke(TestInvoker.java:992)
	at org.testng.internal.invokers.TestInvoker.invokeTestMethods(TestInvoker.java:203)
	at org.testng.internal.invokers.TestMethodWorker.invokeTestMethods(TestMethodWorker.java:154)
	at org.testng.internal.invokers.TestMethodWorker.run(TestMethodWorker.java:134)
	at java.base/java.util.ArrayList.forEach(ArrayList.java:1511)
	at org.testng.TestRunner.privateRun(TestRunner.java:739)
	at org.testng.TestRunner.run(TestRunner.java:614)
	at org.testng.SuiteRunner.runTest(SuiteRunner.java:421)
	at org.testng.SuiteRunner.runSequentially(SuiteRunner.java:413)
	at org.testng.SuiteRunner.privateRun(SuiteRunner.java:373)
	at org.testng.SuiteRunner.run(SuiteRunner.java:312)
	at org.testng.SuiteRunnerWorker.runSuite(SuiteRunnerWorker.java:52)
	at org.testng.SuiteRunnerWorker.run(SuiteRunnerWorker.java:95)
	at org.testng.TestNG.runSuitesSequentially(TestNG.java:1274)
	at org.testng.TestNG.runSuitesLocally(TestNG.java:1208)
	at org.testng.TestNG.runSuites(TestNG.java:1112)
	at org.testng.TestNG.run(TestNG.java:1079)
	at org.apache.maven.surefire.testng.TestNGExecutor.run(TestNGExecutor.java:308)
	at org.apache.maven.surefire.testng.TestNGXmlTestSuite.execute(TestNGXmlTestSuite.java:71)
	at org.apache.maven.surefire.testng.TestNGProvider.invoke(TestNGProvider.java:113)
	at org.apache.maven.surefire.booter.ForkedBooter.runSuitesInProcess(ForkedBooter.java:385)
	at org.apache.maven.surefire.booter.ForkedBooter.execute(ForkedBooter.java:162)
	at org.apache.maven.surefire.booter.ForkedBooter.run(ForkedBooter.java:507)
	at org.apache.maven.surefire.booter.ForkedBooter.main(ForkedBooter.java:495)
]]></failure>
    <system-out><![CDATA[Rows: 2, Cols: 1
]]></system-out>
  </testcase>
  <testcase name="verifyScrollToTopButton" classname="com.ecom.tests.APITestingPageTest_UI" time="0.301"/>
  <testcase name="verifyBrowserLaunch" classname="com.ecom.tests.ContactUsPageTest_Functional" time="0.186">
    <system-err><![CDATA[Sep 13, 2025 12:10:46 PM org.openqa.selenium.devtools.CdpVersionFinder findNearestMatch
WARNING: Unable to find an exact match for CDP version 140, returning the closest version; found: 139; Please update to a Selenium version that supports CDP version 140
]]></system-err>
  </testcase>
  <testcase name="verifyContactUsIcon" classname="com.ecom.tests.ContactUsPageTest_Functional" time="2.102"/>
  <testcase name="enterName[Kaviya](1)" classname="com.ecom.tests.ContactUsPageTest_Functional" time="0.393">
    <system-out><![CDATA[Rows: 2, Cols: 1
]]></system-out>
  </testcase>
  <testcase name="enterSubject[Enquiry](1)" classname="com.ecom.tests.ContactUsPageTest_Functional" time="0.363">
    <system-out><![CDATA[Rows: 2, Cols: 1
]]></system-out>
  </testcase>
  <testcase name="enterMessage[I want to know about products.](1)" classname="com.ecom.tests.ContactUsPageTest_Functional" time="0.392">
    <system-out><![CDATA[Rows: 2, Cols: 1
]]></system-out>
  </testcase>
  <testcase name="uploadFile" classname="com.ecom.tests.ContactUsPageTest_Functional" time="0.218"/>
  <testcase name="verifyEmailEmpty[kaviya, Review, Cant able to view review product](1)" classname="com.ecom.tests.ContactUsPageTest_Functional" time="1.102">
    <system-out><![CDATA[Rows: 2, Cols: 3
]]></system-out>
  </testcase>
  <testcase name="verifyEmailInvalid[kaviya, kaviya.com, Review, Cant able to view review product](1)" classname="com.ecom.tests.ContactUsPageTest_Functional" time="2.318">
    <system-out><![CDATA[Rows: 2, Cols: 4
]]></system-out>
  </testcase>
  <testcase name="enterEmail[kaviya@gmail.com](1)" classname="com.ecom.tests.ContactUsPageTest_Functional" time="0.643">
    <system-out><![CDATA[Rows: 2, Cols: 1
]]></system-out>
  </testcase>
  <testcase name="submitForm" classname="com.ecom.tests.ContactUsPageTest_Functional" time="0.477"/>
  <testcase name="verifyNameInvalid[12#, kaviya@gmail.com, Review, Cant able to view review product](1)" classname="com.ecom.tests.ContactUsPageTest_Functional" time="3.794">
    <failure message="Success message should NOT be displayed and pop should rise as Invalid Name expected [false] but found [true]" type="java.lang.AssertionError"><![CDATA[java.lang.AssertionError: Success message should NOT be displayed and pop should rise as Invalid Name expected [false] but found [true]
	at org.testng.Assert.fail(Assert.java:111)
	at org.testng.Assert.failNotEquals(Assert.java:1578)
	at org.testng.Assert.assertFalse(Assert.java:79)
	at com.ecom.tests.ContactUsPageTest_Functional.verifyNameInvalid(ContactUsPageTest_Functional.java:187)
	at java.base/jdk.internal.reflect.NativeMethodAccessorImpl.invoke0(Native Method)
	at java.base/jdk.internal.reflect.NativeMethodAccessorImpl.invoke(NativeMethodAccessorImpl.java:77)
	at java.base/jdk.internal.reflect.DelegatingMethodAccessorImpl.invoke(DelegatingMethodAccessorImpl.java:43)
	at java.base/java.lang.reflect.Method.invoke(Method.java:568)
	at org.testng.internal.invokers.MethodInvocationHelper.invokeMethod(MethodInvocationHelper.java:141)
	at org.testng.internal.invokers.TestInvoker.invokeMethod(TestInvoker.java:686)
	at org.testng.internal.invokers.TestInvoker.invokeTestMethod(TestInvoker.java:230)
	at org.testng.internal.invokers.MethodRunner.runInSequence(MethodRunner.java:63)
	at org.testng.internal.invokers.TestInvoker$MethodInvocationAgent.invoke(TestInvoker.java:992)
	at org.testng.internal.invokers.TestInvoker.invokeTestMethods(TestInvoker.java:203)
	at org.testng.internal.invokers.TestMethodWorker.invokeTestMethods(TestMethodWorker.java:154)
	at org.testng.internal.invokers.TestMethodWorker.run(TestMethodWorker.java:134)
	at java.base/java.util.ArrayList.forEach(ArrayList.java:1511)
	at org.testng.TestRunner.privateRun(TestRunner.java:739)
	at org.testng.TestRunner.run(TestRunner.java:614)
	at org.testng.SuiteRunner.runTest(SuiteRunner.java:421)
	at org.testng.SuiteRunner.runSequentially(SuiteRunner.java:413)
	at org.testng.SuiteRunner.privateRun(SuiteRunner.java:373)
	at org.testng.SuiteRunner.run(SuiteRunner.java:312)
	at org.testng.SuiteRunnerWorker.runSuite(SuiteRunnerWorker.java:52)
	at org.testng.SuiteRunnerWorker.run(SuiteRunnerWorker.java:95)
	at org.testng.TestNG.runSuitesSequentially(TestNG.java:1274)
	at org.testng.TestNG.runSuitesLocally(TestNG.java:1208)
	at org.testng.TestNG.runSuites(TestNG.java:1112)
	at org.testng.TestNG.run(TestNG.java:1079)
	at org.apache.maven.surefire.testng.TestNGExecutor.run(TestNGExecutor.java:308)
	at org.apache.maven.surefire.testng.TestNGXmlTestSuite.execute(TestNGXmlTestSuite.java:71)
	at org.apache.maven.surefire.testng.TestNGProvider.invoke(TestNGProvider.java:113)
	at org.apache.maven.surefire.booter.ForkedBooter.runSuitesInProcess(ForkedBooter.java:385)
	at org.apache.maven.surefire.booter.ForkedBooter.execute(ForkedBooter.java:162)
	at org.apache.maven.surefire.booter.ForkedBooter.run(ForkedBooter.java:507)
	at org.apache.maven.surefire.booter.ForkedBooter.main(ForkedBooter.java:495)
]]></failure>
    <system-out><![CDATA[Rows: 2, Cols: 4
]]></system-out>
  </testcase>
  <testcase name="verifyNoFileAttach[kaviya, kaviya@gmail.com, Review, Cant able to view review product](1)" classname="com.ecom.tests.ContactUsPageTest_Functional" time="2.432">
    <failure message="Success message should NOT be displayed and pop should rise as Invalid Name expected [false] but found [true]" type="java.lang.AssertionError"><![CDATA[java.lang.AssertionError: Success message should NOT be displayed and pop should rise as Invalid Name expected [false] but found [true]
	at org.testng.Assert.fail(Assert.java:111)
	at org.testng.Assert.failNotEquals(Assert.java:1578)
	at org.testng.Assert.assertFalse(Assert.java:79)
	at com.ecom.tests.ContactUsPageTest_Functional.verifyNoFileAttach(ContactUsPageTest_Functional.java:213)
	at java.base/jdk.internal.reflect.NativeMethodAccessorImpl.invoke0(Native Method)
	at java.base/jdk.internal.reflect.NativeMethodAccessorImpl.invoke(NativeMethodAccessorImpl.java:77)
	at java.base/jdk.internal.reflect.DelegatingMethodAccessorImpl.invoke(DelegatingMethodAccessorImpl.java:43)
	at java.base/java.lang.reflect.Method.invoke(Method.java:568)
	at org.testng.internal.invokers.MethodInvocationHelper.invokeMethod(MethodInvocationHelper.java:141)
	at org.testng.internal.invokers.TestInvoker.invokeMethod(TestInvoker.java:686)
	at org.testng.internal.invokers.TestInvoker.invokeTestMethod(TestInvoker.java:230)
	at org.testng.internal.invokers.MethodRunner.runInSequence(MethodRunner.java:63)
	at org.testng.internal.invokers.TestInvoker$MethodInvocationAgent.invoke(TestInvoker.java:992)
	at org.testng.internal.invokers.TestInvoker.invokeTestMethods(TestInvoker.java:203)
	at org.testng.internal.invokers.TestMethodWorker.invokeTestMethods(TestMethodWorker.java:154)
	at org.testng.internal.invokers.TestMethodWorker.run(TestMethodWorker.java:134)
	at java.base/java.util.ArrayList.forEach(ArrayList.java:1511)
	at org.testng.TestRunner.privateRun(TestRunner.java:739)
	at org.testng.TestRunner.run(TestRunner.java:614)
	at org.testng.SuiteRunner.runTest(SuiteRunner.java:421)
	at org.testng.SuiteRunner.runSequentially(SuiteRunner.java:413)
	at org.testng.SuiteRunner.privateRun(SuiteRunner.java:373)
	at org.testng.SuiteRunner.run(SuiteRunner.java:312)
	at org.testng.SuiteRunnerWorker.runSuite(SuiteRunnerWorker.java:52)
	at org.testng.SuiteRunnerWorker.run(SuiteRunnerWorker.java:95)
	at org.testng.TestNG.runSuitesSequentially(TestNG.java:1274)
	at org.testng.TestNG.runSuitesLocally(TestNG.java:1208)
	at org.testng.TestNG.runSuites(TestNG.java:1112)
	at org.testng.TestNG.run(TestNG.java:1079)
	at org.apache.maven.surefire.testng.TestNGExecutor.run(TestNGExecutor.java:308)
	at org.apache.maven.surefire.testng.TestNGXmlTestSuite.execute(TestNGXmlTestSuite.java:71)
	at org.apache.maven.surefire.testng.TestNGProvider.invoke(TestNGProvider.java:113)
	at org.apache.maven.surefire.booter.ForkedBooter.runSuitesInProcess(ForkedBooter.java:385)
	at org.apache.maven.surefire.booter.ForkedBooter.execute(ForkedBooter.java:162)
	at org.apache.maven.surefire.booter.ForkedBooter.run(ForkedBooter.java:507)
	at org.apache.maven.surefire.booter.ForkedBooter.main(ForkedBooter.java:495)
]]></failure>
    <system-out><![CDATA[Rows: 2, Cols: 4
]]></system-out>
  </testcase>
  <testcase name="verifySubscriptionIconVisible" classname="com.ecom.tests.ContactUsPageTest_Functional" time="0.277"/>
  <testcase name="verifySubscriptionInvalid[testgmail.com](1)" classname="com.ecom.tests.ContactUsPageTest_Functional" time="2.454">
    <system-out><![CDATA[Rows: 2, Cols: 1
]]></system-out>
  </testcase>
  <testcase name="verifySubscriptionEmpty" classname="com.ecom.tests.ContactUsPageTest_Functional" time="1.404"/>
  <testcase name="verifySubscriptionValid[validuser1@test.com](1)" classname="com.ecom.tests.ContactUsPageTest_Functional" time="0.444">
    <system-out><![CDATA[Rows: 2, Cols: 1
]]></system-out>
  </testcase>
  <testcase name="verifySubscriptionUseralreadyExist[validuser1@test.com](1)" classname="com.ecom.tests.ContactUsPageTest_Functional" time="0.421">
    <failure message="Subscription success message is displayed instead of error for already registered email" type="java.lang.AssertionError"><![CDATA[java.lang.AssertionError: Subscription success message is displayed instead of error for already registered email
	at org.testng.Assert.fail(Assert.java:111)
	at com.ecom.tests.ContactUsPageTest_Functional.verifySubscriptionUseralreadyExist(ContactUsPageTest_Functional.java:307)
	at java.base/jdk.internal.reflect.NativeMethodAccessorImpl.invoke0(Native Method)
	at java.base/jdk.internal.reflect.NativeMethodAccessorImpl.invoke(NativeMethodAccessorImpl.java:77)
	at java.base/jdk.internal.reflect.DelegatingMethodAccessorImpl.invoke(DelegatingMethodAccessorImpl.java:43)
	at java.base/java.lang.reflect.Method.invoke(Method.java:568)
	at org.testng.internal.invokers.MethodInvocationHelper.invokeMethod(MethodInvocationHelper.java:141)
	at org.testng.internal.invokers.TestInvoker.invokeMethod(TestInvoker.java:686)
	at org.testng.internal.invokers.TestInvoker.invokeTestMethod(TestInvoker.java:230)
	at org.testng.internal.invokers.MethodRunner.runInSequence(MethodRunner.java:63)
	at org.testng.internal.invokers.TestInvoker$MethodInvocationAgent.invoke(TestInvoker.java:992)
	at org.testng.internal.invokers.TestInvoker.invokeTestMethods(TestInvoker.java:203)
	at org.testng.internal.invokers.TestMethodWorker.invokeTestMethods(TestMethodWorker.java:154)
	at org.testng.internal.invokers.TestMethodWorker.run(TestMethodWorker.java:134)
	at java.base/java.util.ArrayList.forEach(ArrayList.java:1511)
	at org.testng.TestRunner.privateRun(TestRunner.java:739)
	at org.testng.TestRunner.run(TestRunner.java:614)
	at org.testng.SuiteRunner.runTest(SuiteRunner.java:421)
	at org.testng.SuiteRunner.runSequentially(SuiteRunner.java:413)
	at org.testng.SuiteRunner.privateRun(SuiteRunner.java:373)
	at org.testng.SuiteRunner.run(SuiteRunner.java:312)
	at org.testng.SuiteRunnerWorker.runSuite(SuiteRunnerWorker.java:52)
	at org.testng.SuiteRunnerWorker.run(SuiteRunnerWorker.java:95)
	at org.testng.TestNG.runSuitesSequentially(TestNG.java:1274)
	at org.testng.TestNG.runSuitesLocally(TestNG.java:1208)
	at org.testng.TestNG.runSuites(TestNG.java:1112)
	at org.testng.TestNG.run(TestNG.java:1079)
	at org.apache.maven.surefire.testng.TestNGExecutor.run(TestNGExecutor.java:308)
	at org.apache.maven.surefire.testng.TestNGXmlTestSuite.execute(TestNGXmlTestSuite.java:71)
	at org.apache.maven.surefire.testng.TestNGProvider.invoke(TestNGProvider.java:113)
	at org.apache.maven.surefire.booter.ForkedBooter.runSuitesInProcess(ForkedBooter.java:385)
	at org.apache.maven.surefire.booter.ForkedBooter.execute(ForkedBooter.java:162)
	at org.apache.maven.surefire.booter.ForkedBooter.run(ForkedBooter.java:507)
	at org.apache.maven.surefire.booter.ForkedBooter.main(ForkedBooter.java:495)
]]></failure>
    <system-out><![CDATA[Rows: 2, Cols: 1
]]></system-out>
  </testcase>
  <testcase name="verifyScrollToTopButton" classname="com.ecom.tests.ContactUsPageTest_Functional" time="0.277"/>
  <testcase name="verifyNavigationBackToHome" classname="com.ecom.tests.ContactUsPageTest_Functional" time="2.779"/>
  <testcase name="verifyBrowserLaunch" classname="com.ecom.tests.RegisterPageTest_Functional" time="0.186">
    <system-err><![CDATA[Sep 13, 2025 12:11:16 PM org.openqa.selenium.devtools.CdpVersionFinder findNearestMatch
WARNING: Unable to find an exact match for CDP version 140, returning the closest version; found: 139; Please update to a Selenium version that supports CDP version 140
]]></system-err>
  </testcase>
  <testcase name="verifyHomePageVisibility" classname="com.ecom.tests.RegisterPageTest_Functional" time="0.168"/>
  <testcase name="verifySignupLoginButtonAvailability" classname="com.ecom.tests.RegisterPageTest_Functional" time="1.057"/>
  <testcase name="verifySignupLoginNavigation" classname="com.ecom.tests.RegisterPageTest_Functional" time="0.111"/>
  <testcase name="verifyNewUserSignupSectionVisibility" classname="com.ecom.tests.RegisterPageTest_Functional" time="0.166"/>
  <testcase name="verifyExistSignup[Test user c, kaviya@gmail.com](1)" classname="com.ecom.tests.RegisterPageTest_Functional" time="2.314">
    <system-out><![CDATA[Rows: 2, Cols: 2
]]></system-out>
  </testcase>
  <testcase name="verifyInvalidName[12#3, kaviya900@gmail.com](1)" classname="com.ecom.tests.RegisterPageTest_Functional" time="2.447">
    <failure message="Navigation to Create Account should NOT happen with invalid name" type="java.lang.AssertionError"><![CDATA[java.lang.AssertionError: Navigation to Create Account should NOT happen with invalid name
	at org.testng.Assert.fail(Assert.java:111)
	at com.ecom.tests.RegisterPageTest_Functional.verifyInvalidName(RegisterPageTest_Functional.java:106)
	at java.base/jdk.internal.reflect.NativeMethodAccessorImpl.invoke0(Native Method)
	at java.base/jdk.internal.reflect.NativeMethodAccessorImpl.invoke(NativeMethodAccessorImpl.java:77)
	at java.base/jdk.internal.reflect.DelegatingMethodAccessorImpl.invoke(DelegatingMethodAccessorImpl.java:43)
	at java.base/java.lang.reflect.Method.invoke(Method.java:568)
	at org.testng.internal.invokers.MethodInvocationHelper.invokeMethod(MethodInvocationHelper.java:141)
	at org.testng.internal.invokers.TestInvoker.invokeMethod(TestInvoker.java:686)
	at org.testng.internal.invokers.TestInvoker.invokeTestMethod(TestInvoker.java:230)
	at org.testng.internal.invokers.MethodRunner.runInSequence(MethodRunner.java:63)
	at org.testng.internal.invokers.TestInvoker$MethodInvocationAgent.invoke(TestInvoker.java:992)
	at org.testng.internal.invokers.TestInvoker.invokeTestMethods(TestInvoker.java:203)
	at org.testng.internal.invokers.TestMethodWorker.invokeTestMethods(TestMethodWorker.java:154)
	at org.testng.internal.invokers.TestMethodWorker.run(TestMethodWorker.java:134)
	at java.base/java.util.ArrayList.forEach(ArrayList.java:1511)
	at org.testng.TestRunner.privateRun(TestRunner.java:739)
	at org.testng.TestRunner.run(TestRunner.java:614)
	at org.testng.SuiteRunner.runTest(SuiteRunner.java:421)
	at org.testng.SuiteRunner.runSequentially(SuiteRunner.java:413)
	at org.testng.SuiteRunner.privateRun(SuiteRunner.java:373)
	at org.testng.SuiteRunner.run(SuiteRunner.java:312)
	at org.testng.SuiteRunnerWorker.runSuite(SuiteRunnerWorker.java:52)
	at org.testng.SuiteRunnerWorker.run(SuiteRunnerWorker.java:95)
	at org.testng.TestNG.runSuitesSequentially(TestNG.java:1274)
	at org.testng.TestNG.runSuitesLocally(TestNG.java:1208)
	at org.testng.TestNG.runSuites(TestNG.java:1112)
	at org.testng.TestNG.run(TestNG.java:1079)
	at org.apache.maven.surefire.testng.TestNGExecutor.run(TestNGExecutor.java:308)
	at org.apache.maven.surefire.testng.TestNGXmlTestSuite.execute(TestNGXmlTestSuite.java:71)
	at org.apache.maven.surefire.testng.TestNGProvider.invoke(TestNGProvider.java:113)
	at org.apache.maven.surefire.booter.ForkedBooter.runSuitesInProcess(ForkedBooter.java:385)
	at org.apache.maven.surefire.booter.ForkedBooter.execute(ForkedBooter.java:162)
	at org.apache.maven.surefire.booter.ForkedBooter.run(ForkedBooter.java:507)
	at org.apache.maven.surefire.booter.ForkedBooter.main(ForkedBooter.java:495)
]]></failure>
    <system-out><![CDATA[Rows: 2, Cols: 2
]]></system-out>
  </testcase>
  <testcase name="verifyInvalidEmail[kaviya, kaviya.com](1)" classname="com.ecom.tests.RegisterPageTest_Functional" time="2.525">
    <system-out><![CDATA[Rows: 2, Cols: 2
]]></system-out>
  </testcase>
  <testcase name="verifySignup[Test user c, kavi18177@example.com](1)" classname="com.ecom.tests.RegisterPageTest_Functional" time="2.744">
    <system-out><![CDATA[Rows: 2, Cols: 2
]]></system-out>
  </testcase>
  <testcase name="verifySignuptoCreateAccount" classname="com.ecom.tests.RegisterPageTest_Functional" time="0.159"/>
  <testcase name="selectTitleTest[Mrs](1)" classname="com.ecom.tests.RegisterPageTest_Functional" time="0.285">
    <system-out><![CDATA[Rows: 2, Cols: 1
]]></system-out>
  </testcase>
  <testcase name="enterPasswordTest[Password@123](1)" classname="com.ecom.tests.RegisterPageTest_Functional" time="0.298">
    <system-out><![CDATA[Rows: 2, Cols: 1
]]></system-out>
  </testcase>
  <testcase name="selectDateOfBirthTest[18, March, 2006](1)" classname="com.ecom.tests.RegisterPageTest_Functional" time="0.476">
    <system-out><![CDATA[Rows: 3, Cols: 3
]]></system-out>
  </testcase>
  <testcase name="selectNewsletterTest" classname="com.ecom.tests.RegisterPageTest_Functional" time="0.29"/>
  <testcase name="verifySpecialOffersCheckbox" classname="com.ecom.tests.RegisterPageTest_Functional" time="0.296"/>
  <testcase name="verifyAddressHeading" classname="com.ecom.tests.RegisterPageTest_Functional" time="0.163"/>
  <testcase name="enterFirstName[Kaviya](1)" classname="com.ecom.tests.RegisterPageTest_Functional" time="0.25">
    <system-out><![CDATA[Rows: 2, Cols: 1
]]></system-out>
  </testcase>
  <testcase name="enterLastName[Anjali](1)" classname="com.ecom.tests.RegisterPageTest_Functional" time="0.273">
    <system-out><![CDATA[Rows: 2, Cols: 1
]]></system-out>
  </testcase>
  <testcase name="enterCompany[CGI](1)" classname="com.ecom.tests.RegisterPageTest_Functional" time="0.243">
    <system-out><![CDATA[Rows: 2, Cols: 1
]]></system-out>
  </testcase>
  <testcase name="enterAddress1[123 Main Street](1)" classname="com.ecom.tests.RegisterPageTest_Functional" time="0.251">
    <system-out><![CDATA[Rows: 2, Cols: 1
]]></system-out>
  </testcase>
  <testcase name="enterAddress2[Block C](1)" classname="com.ecom.tests.RegisterPageTest_Functional" time="0.313">
    <system-out><![CDATA[Rows: 2, Cols: 1
]]></system-out>
  </testcase>
  <testcase name="selectCountry[India](1)" classname="com.ecom.tests.RegisterPageTest_Functional" time="0.237">
    <system-out><![CDATA[Rows: 2, Cols: 1
]]></system-out>
  </testcase>
  <testcase name="enterState[Tamil Nadu](1)" classname="com.ecom.tests.RegisterPageTest_Functional" time="0.306">
    <system-out><![CDATA[Rows: 2, Cols: 1
]]></system-out>
  </testcase>
  <testcase name="enterCity[Chennai](1)" classname="com.ecom.tests.RegisterPageTest_Functional" time="0.26">
    <system-out><![CDATA[Rows: 2, Cols: 1
]]></system-out>
  </testcase>
  <testcase name="enterZipcode[560001](1)" classname="com.ecom.tests.RegisterPageTest_Functional" time="0.317">
    <system-out><![CDATA[Rows: 2, Cols: 1
]]></system-out>
  </testcase>
  <testcase name="enterMobile[1234567891](1)" classname="com.ecom.tests.RegisterPageTest_Functional" time="0.248">
    <system-out><![CDATA[Rows: 2, Cols: 1
]]></system-out>
  </testcase>
  <testcase name="clickCreateAccountButton" classname="com.ecom.tests.RegisterPageTest_Functional" time="2.815"/>
  <testcase name="verifyAccountCreatedMessage" classname="com.ecom.tests.RegisterPageTest_Functional" time="0.209"/>
  <testcase name="verifyLoggedInAsUsername" classname="com.ecom.tests.RegisterPageTest_Functional" time="4.185"/>
  <testcase name="clickDeleteAccount" classname="com.ecom.tests.RegisterPageTest_Functional" time="1.876"/>
  <testcase name="verifyAccountDeletedMessage" classname="com.ecom.tests.RegisterPageTest_Functional" time="0.209"/>
  <testcase name="clickContinueAfterAccountDeleted" classname="com.ecom.tests.RegisterPageTest_Functional" time="3.713"/>
  <testcase name="verifySubscriptionIconVisible" classname="com.ecom.tests.SubscriptionHomePageTest_Functional" time="2.293">
    <system-err><![CDATA[Sep 13, 2025 12:11:54 PM org.openqa.selenium.devtools.CdpVersionFinder findNearestMatch
WARNING: Unable to find an exact match for CDP version 140, returning the closest version; found: 139; Please update to a Selenium version that supports CDP version 140
]]></system-err>
  </testcase>
  <testcase name="verifySubscriptionEmpty" classname="com.ecom.tests.SubscriptionHomePageTest_Functional" time="0.594"/>
  <testcase name="verifySubscriptionInvalid[kaviyaGma.com](1)" classname="com.ecom.tests.SubscriptionHomePageTest_Functional" time="2.531">
    <system-out><![CDATA[Rows: 2, Cols: 1
]]></system-out>
  </testcase>
  <testcase name="verifySubscriptionValid[kaviya@gmail.com](1)" classname="com.ecom.tests.SubscriptionHomePageTest_Functional" time="0.367">
    <system-out><![CDATA[Rows: 2, Cols: 1
]]></system-out>
  </testcase>
  <testcase name="verifySubscriptionUseralreadyExist[kaviya@gmail.com](1)" classname="com.ecom.tests.SubscriptionHomePageTest_Functional" time="0.358">
    <failure message="Subscription success message should NOT be displayed! expected [false] but found [true]" type="java.lang.AssertionError"><![CDATA[java.lang.AssertionError: Subscription success message should NOT be displayed! expected [false] but found [true]
	at org.testng.Assert.fail(Assert.java:111)
	at org.testng.Assert.failNotEquals(Assert.java:1578)
	at org.testng.Assert.assertFalse(Assert.java:79)
	at com.ecom.tests.SubscriptionHomePageTest_Functional.verifySubscriptionUseralreadyExist(SubscriptionHomePageTest_Functional.java:127)
	at java.base/jdk.internal.reflect.NativeMethodAccessorImpl.invoke0(Native Method)
	at java.base/jdk.internal.reflect.NativeMethodAccessorImpl.invoke(NativeMethodAccessorImpl.java:77)
	at java.base/jdk.internal.reflect.DelegatingMethodAccessorImpl.invoke(DelegatingMethodAccessorImpl.java:43)
	at java.base/java.lang.reflect.Method.invoke(Method.java:568)
	at org.testng.internal.invokers.MethodInvocationHelper.invokeMethod(MethodInvocationHelper.java:141)
	at org.testng.internal.invokers.TestInvoker.invokeMethod(TestInvoker.java:686)
	at org.testng.internal.invokers.TestInvoker.invokeTestMethod(TestInvoker.java:230)
	at org.testng.internal.invokers.MethodRunner.runInSequence(MethodRunner.java:63)
	at org.testng.internal.invokers.TestInvoker$MethodInvocationAgent.invoke(TestInvoker.java:992)
	at org.testng.internal.invokers.TestInvoker.invokeTestMethods(TestInvoker.java:203)
	at org.testng.internal.invokers.TestMethodWorker.invokeTestMethods(TestMethodWorker.java:154)
	at org.testng.internal.invokers.TestMethodWorker.run(TestMethodWorker.java:134)
	at java.base/java.util.ArrayList.forEach(ArrayList.java:1511)
	at org.testng.TestRunner.privateRun(TestRunner.java:739)
	at org.testng.TestRunner.run(TestRunner.java:614)
	at org.testng.SuiteRunner.runTest(SuiteRunner.java:421)
	at org.testng.SuiteRunner.runSequentially(SuiteRunner.java:413)
	at org.testng.SuiteRunner.privateRun(SuiteRunner.java:373)
	at org.testng.SuiteRunner.run(SuiteRunner.java:312)
	at org.testng.SuiteRunnerWorker.runSuite(SuiteRunnerWorker.java:52)
	at org.testng.SuiteRunnerWorker.run(SuiteRunnerWorker.java:95)
	at org.testng.TestNG.runSuitesSequentially(TestNG.java:1274)
	at org.testng.TestNG.runSuitesLocally(TestNG.java:1208)
	at org.testng.TestNG.runSuites(TestNG.java:1112)
	at org.testng.TestNG.run(TestNG.java:1079)
	at org.apache.maven.surefire.testng.TestNGExecutor.run(TestNGExecutor.java:308)
	at org.apache.maven.surefire.testng.TestNGXmlTestSuite.execute(TestNGXmlTestSuite.java:71)
	at org.apache.maven.surefire.testng.TestNGProvider.invoke(TestNGProvider.java:113)
	at org.apache.maven.surefire.booter.ForkedBooter.runSuitesInProcess(ForkedBooter.java:385)
	at org.apache.maven.surefire.booter.ForkedBooter.execute(ForkedBooter.java:162)
	at org.apache.maven.surefire.booter.ForkedBooter.run(ForkedBooter.java:507)
	at org.apache.maven.surefire.booter.ForkedBooter.main(ForkedBooter.java:495)
]]></failure>
    <system-out><![CDATA[Rows: 2, Cols: 1
]]></system-out>
  </testcase>
  <testcase name="verifyLogoDisplayed" classname="com.ecom.tests.TestCasesPageTest_UI" time="1.002">
    <system-err><![CDATA[Sep 13, 2025 12:12:14 PM org.openqa.selenium.devtools.CdpVersionFinder findNearestMatch
WARNING: Unable to find an exact match for CDP version 140, returning the closest version; found: 139; Please update to a Selenium version that supports CDP version 140
]]></system-err>
  </testcase>
  <testcase name="verifyProductsIconDisplayed" classname="com.ecom.tests.TestCasesPageTest_UI" time="0.197"/>
  <testcase name="verifyCartIconDisplayed" classname="com.ecom.tests.TestCasesPageTest_UI" time="0.163"/>
  <testcase name="verifySignupLoginIconDisplayed" classname="com.ecom.tests.TestCasesPageTest_UI" time="0.214"/>
  <testcase name="verifyVideoTutorialsIconDisplayed" classname="com.ecom.tests.TestCasesPageTest_UI" time="0.171"/>
  <testcase name="verifyHomeIconDisplayed" classname="com.ecom.tests.TestCasesPageTest_UI" time="0.139"/>
  <testcase name="verifyContactUsIconDisplayed" classname="com.ecom.tests.TestCasesPageTest_UI" time="0.119"/>
  <testcase name="verifyApiTestingIconDisplayed" classname="com.ecom.tests.TestCasesPageTest_UI" time="0.154"/>
  <testcase name="verifyTestCasesSectionDisplayed" classname="com.ecom.tests.TestCasesPageTest_UI" time="0.137"/>
  <testcase name="verifyTestCase1LinkDisplayed" classname="com.ecom.tests.TestCasesPageTest_UI" time="0.531"/>
  <testcase name="verifyTestCase2LinkDisplayed" classname="com.ecom.tests.TestCasesPageTest_UI" time="0.512"/>
  <testcase name="verifyTestCase3LinkDisplayed" classname="com.ecom.tests.TestCasesPageTest_UI" time="0.508"/>
  <testcase name="verifyTestCase4LinkDisplayed" classname="com.ecom.tests.TestCasesPageTest_UI" time="0.546"/>
  <testcase name="verifyTestCase5LinkDisplayed" classname="com.ecom.tests.TestCasesPageTest_UI" time="0.588"/>
  <testcase name="verifyTestCase6LinkDisplayed" classname="com.ecom.tests.TestCasesPageTest_UI" time="0.515"/>
  <testcase name="verifyTestCase7LinkDisplayed" classname="com.ecom.tests.TestCasesPageTest_UI" time="0.507"/>
  <testcase name="verifyTestCase8LinkDisplayed" classname="com.ecom.tests.TestCasesPageTest_UI" time="0.478"/>
  <testcase name="verifyTestCase9LinkDisplayed" classname="com.ecom.tests.TestCasesPageTest_UI" time="0.496"/>
  <testcase name="verifyTestCase10LinkDisplayed" classname="com.ecom.tests.TestCasesPageTest_UI" time="0.499"/>
  <testcase name="verifyTestCase11LinkDisplayed" classname="com.ecom.tests.TestCasesPageTest_UI" time="0.497"/>
  <testcase name="verifyTestCase12LinkDisplayed" classname="com.ecom.tests.TestCasesPageTest_UI" time="0.483"/>
  <testcase name="verifyTestCase13LinkDisplayed" classname="com.ecom.tests.TestCasesPageTest_UI" time="0.634"/>
  <testcase name="verifyTestCase14LinkDisplayed" classname="com.ecom.tests.TestCasesPageTest_UI" time="0.55"/>
  <testcase name="verifyTestCase15LinkDisplayed" classname="com.ecom.tests.TestCasesPageTest_UI" time="0.51"/>
  <testcase name="verifyTestCase16LinkDisplayed" classname="com.ecom.tests.TestCasesPageTest_UI" time="0.497"/>
  <testcase name="verifyTestCase17LinkDisplayed" classname="com.ecom.tests.TestCasesPageTest_UI" time="0.513"/>
  <testcase name="verifyTestCase18LinkDisplayed" classname="com.ecom.tests.TestCasesPageTest_UI" time="0.54"/>
  <testcase name="verifyTestCase19LinkDisplayed" classname="com.ecom.tests.TestCasesPageTest_UI" time="0.508"/>
  <testcase name="verifyTestCase20LinkDisplayed" classname="com.ecom.tests.TestCasesPageTest_UI" time="0.483"/>
  <testcase name="verifyTestCase21LinkDisplayed" classname="com.ecom.tests.TestCasesPageTest_UI" time="0.512"/>
  <testcase name="verifyTestCase22LinkDisplayed" classname="com.ecom.tests.TestCasesPageTest_UI" time="0.523"/>
  <testcase name="verifyTestCase23LinkDisplayed" classname="com.ecom.tests.TestCasesPageTest_UI" time="0.519"/>
  <testcase name="verifyTestCase24LinkDisplayed" classname="com.ecom.tests.TestCasesPageTest_UI" time="0.479"/>
  <testcase name="verifyTestCase25LinkDisplayed" classname="com.ecom.tests.TestCasesPageTest_UI" time="0.559"/>
  <testcase name="verifyTestCase26LinkDisplayed" classname="com.ecom.tests.TestCasesPageTest_UI" time="0.52"/>
  <testcase name="verifyFeedbackSectionDisplayed" classname="com.ecom.tests.TestCasesPageTest_UI" time="0.17"/>
  <testcase name="verifyFeedbackEmailDisplayed" classname="com.ecom.tests.TestCasesPageTest_UI" time="0.138"/>
  <testcase name="verifySubscriptionIconVisible" classname="com.ecom.tests.TestCasesPageTest_UI" time="0.239"/>
  <testcase name="verifySubscriptionEmpty" classname="com.ecom.tests.TestCasesPageTest_UI" time="0.461"/>
  <testcase name="verifySubscriptionInvalid[kaviyaGma.com](1)" classname="com.ecom.tests.TestCasesPageTest_UI" time="2.5">
    <system-out><![CDATA[Rows: 2, Cols: 1
]]></system-out>
  </testcase>
  <testcase name="verifySubscriptionValid[kaviya@gmail.com](1)" classname="com.ecom.tests.TestCasesPageTest_UI" time="0.426">
    <system-out><![CDATA[Rows: 2, Cols: 1
]]></system-out>
  </testcase>
  <testcase name="verifySubscriptionUseralreadyExist[kaviya@gmail.com](1)" classname="com.ecom.tests.TestCasesPageTest_UI" time="0.391">
    <failure message="Subscription success message should NOT be displayed! expected [false] but found [true]" type="java.lang.AssertionError"><![CDATA[java.lang.AssertionError: Subscription success message should NOT be displayed! expected [false] but found [true]
	at org.testng.Assert.fail(Assert.java:111)
	at org.testng.Assert.failNotEquals(Assert.java:1578)
	at org.testng.Assert.assertFalse(Assert.java:79)
	at com.ecom.tests.TestCasesPageTest_UI.verifySubscriptionUseralreadyExist(TestCasesPageTest_UI.java:524)
	at java.base/jdk.internal.reflect.NativeMethodAccessorImpl.invoke0(Native Method)
	at java.base/jdk.internal.reflect.NativeMethodAccessorImpl.invoke(NativeMethodAccessorImpl.java:77)
	at java.base/jdk.internal.reflect.DelegatingMethodAccessorImpl.invoke(DelegatingMethodAccessorImpl.java:43)
	at java.base/java.lang.reflect.Method.invoke(Method.java:568)
	at org.testng.internal.invokers.MethodInvocationHelper.invokeMethod(MethodInvocationHelper.java:141)
	at org.testng.internal.invokers.TestInvoker.invokeMethod(TestInvoker.java:686)
	at org.testng.internal.invokers.TestInvoker.invokeTestMethod(TestInvoker.java:230)
	at org.testng.internal.invokers.MethodRunner.runInSequence(MethodRunner.java:63)
	at org.testng.internal.invokers.TestInvoker$MethodInvocationAgent.invoke(TestInvoker.java:992)
	at org.testng.internal.invokers.TestInvoker.invokeTestMethods(TestInvoker.java:203)
	at org.testng.internal.invokers.TestMethodWorker.invokeTestMethods(TestMethodWorker.java:154)
	at org.testng.internal.invokers.TestMethodWorker.run(TestMethodWorker.java:134)
	at java.base/java.util.ArrayList.forEach(ArrayList.java:1511)
	at org.testng.TestRunner.privateRun(TestRunner.java:739)
	at org.testng.TestRunner.run(TestRunner.java:614)
	at org.testng.SuiteRunner.runTest(SuiteRunner.java:421)
	at org.testng.SuiteRunner.runSequentially(SuiteRunner.java:413)
	at org.testng.SuiteRunner.privateRun(SuiteRunner.java:373)
	at org.testng.SuiteRunner.run(SuiteRunner.java:312)
	at org.testng.SuiteRunnerWorker.runSuite(SuiteRunnerWorker.java:52)
	at org.testng.SuiteRunnerWorker.run(SuiteRunnerWorker.java:95)
	at org.testng.TestNG.runSuitesSequentially(TestNG.java:1274)
	at org.testng.TestNG.runSuitesLocally(TestNG.java:1208)
	at org.testng.TestNG.runSuites(TestNG.java:1112)
	at org.testng.TestNG.run(TestNG.java:1079)
	at org.apache.maven.surefire.testng.TestNGExecutor.run(TestNGExecutor.java:308)
	at org.apache.maven.surefire.testng.TestNGXmlTestSuite.execute(TestNGXmlTestSuite.java:71)
	at org.apache.maven.surefire.testng.TestNGProvider.invoke(TestNGProvider.java:113)
	at org.apache.maven.surefire.booter.ForkedBooter.runSuitesInProcess(ForkedBooter.java:385)
	at org.apache.maven.surefire.booter.ForkedBooter.execute(ForkedBooter.java:162)
	at org.apache.maven.surefire.booter.ForkedBooter.run(ForkedBooter.java:507)
	at org.apache.maven.surefire.booter.ForkedBooter.main(ForkedBooter.java:495)
]]></failure>
    <system-out><![CDATA[Rows: 2, Cols: 1
]]></system-out>
  </testcase>
  <testcase name="verifyScrollToTopButton" classname="com.ecom.tests.TestCasesPageTest_UI" time="0.263"/>
</testsuite>