<?xml version="1.0" encoding="UTF-8"?>
<!-- Generated by org.testng.reporters.JUnitReportReporter -->
<testsuite hostname="DESKTOP-RGL2CCS" failures="0" tests="26" name="com.ecom.tests.UI_contactus_test" time="30.611" errors="0" timestamp="2025-09-15T11:51:10 IST" skipped="0">
  <testcase classname="com.ecom.tests.UI_contactus_test" name="TC_Contactus_001_verifyGetInTouchHeader" time="3.731"/>
  <testcase classname="com.ecom.tests.UI_contactus_test" name="TC_Contactus_002_verifyLogoDisplayed" time="0.793"/>
  <testcase classname="com.ecom.tests.UI_contactus_test" name="TC_Contactus_003_verifyGetInTouchEmailDisplayed" time="0.883"/>
  <testcase classname="com.ecom.tests.UI_contactus_test" name="TC_Contactus_004_verifyFormFieldsDisplayed" time="1.217"/>
  <testcase classname="com.ecom.tests.UI_contactus_test" name="TC_Contactus_005_verifyChooseFileAndSubmitDisplayed" time="0.844"/>
  <testcase classname="com.ecom.tests.UI_contactus_test" name="TC_Contactus_006_verifyHomeBtnDisplayed" time="1.487"/>
  <testcase classname="com.ecom.tests.UI_contactus_test" name="TC_Contactus_007_verifyTestCasesBtnDisplayed" time="0.903"/>
  <testcase classname="com.ecom.tests.UI_contactus_test" name="TC_Contactus_008_verifyApiTestingBtnDisplayed" time="1.016"/>
  <testcase classname="com.ecom.tests.UI_contactus_test" name="TC_Contact_009_verifyScrollBarWorking" time="0.849"/>
  <testcase classname="com.ecom.tests.UI_contactus_test" name="TC_Contact_010_verifyScrollToTopArrow" time="0.899"/>
  <testcase classname="com.ecom.tests.UI_contactus_test" name="TC_Contact_011_verifySubscriptionIconDisplayed" time="1.162"/>
  <testcase classname="com.ecom.tests.UI_contactus_test" name="TC_Contact_012_verifySubscriptionWithInvalidEmail" time="1.995"/>
  <testcase classname="com.ecom.tests.UI_contactus_test" name="TC_Contact_013_verifySubscriptionWithEmptyEmail" time="1.737"/>
  <testcase classname="com.ecom.tests.UI_contactus_test" name="TC_Contact_014_verifyGetInTouchHeader" time="0.849"/>
  <testcase classname="com.ecom.tests.UI_contactus_test" name="TC_Contact_015_verifyNameFieldDisplayed" time="0.976"/>
  <testcase classname="com.ecom.tests.UI_contactus_test" name="TC_Contact_016_verifyEmailFieldDisplayed" time="0.883"/>
  <testcase classname="com.ecom.tests.UI_contactus_test" name="TC_Contact_017_verifySubjectFieldDisplayed" time="0.831"/>
  <testcase classname="com.ecom.tests.UI_contactus_test" name="TC_Contact_018_verifyMessageFieldDisplayed" time="1.071"/>
  <testcase classname="com.ecom.tests.UI_contactus_test" name="TC_Contact_019_verifyNameFieldWithValidData" time="1.049"/>
  <testcase classname="com.ecom.tests.UI_contactus_test" name="TC_Contact_020_verifyEmailFieldWithValidData" time="1.314"/>
  <testcase classname="com.ecom.tests.UI_contactus_test" name="TC_Contact_021_verifyEmailFieldEmpty" time="1.172"/>
  <testcase classname="com.ecom.tests.UI_contactus_test" name="TC_Contact_022_verifySubjectFieldWithData" time="1.245"/>
  <testcase classname="com.ecom.tests.UI_contactus_test" name="TC_Contact_023_verifyMessageFieldWithData" time="1.238"/>
  <testcase classname="com.ecom.tests.UI_contactus_test" name="TC_Contact_024_verifyChooseFileButton" time="0.778"/>
  <testcase classname="com.ecom.tests.UI_contactus_test" name="TC_Contact_025_verifySubmitButton" time="0.841"/>
  <testcase classname="com.ecom.tests.UI_contactus_test" name="TC_Contact_026_verifyContactUsSectionVisible" time="0.848"/>
</testsuite> <!-- com.ecom.tests.UI_contactus_test -->
