<?xml version="1.0" encoding="UTF-8"?>
<!-- Generated by org.testng.reporters.JUnitReportReporter -->
<testsuite hostname="DESKTOP-RGL2CCS" failures="0" tests="20" name="com.ecom.tests.UI_LoginPageTest" time="321.131" errors="0" timestamp="2025-09-14T00:48:49 IST" skipped="0">
  <testcase classname="com.ecom.tests.UI_LoginPageTest" name="verifyLogoImagePresence" time="1.365"/>
  <testcase classname="com.ecom.tests.UI_LoginPageTest" name="verifySignupButtonPresence" time="1.244"/>
  <testcase classname="com.ecom.tests.UI_LoginPageTest" name="verifySignupWithValidData" time="11.664"/>
  <testcase classname="com.ecom.tests.UI_LoginPageTest" name="verifySignupWithInvalidEmail" time="3.618"/>
  <testcase classname="com.ecom.tests.UI_LoginPageTest" name="verifySignupEdgeCases" time="12.299"/>
  <testcase classname="com.ecom.tests.UI_LoginPageTest" name="verifySignupEdgeCases" time="12.198"/>
  <testcase classname="com.ecom.tests.UI_LoginPageTest" name="verifySignupEdgeCases" time="12.188"/>
  <testcase classname="com.ecom.tests.UI_LoginPageTest" name="verifyLoginButtonIsVisibleOnSignupLoginPage" time="21.906"/>
  <testcase classname="com.ecom.tests.UI_LoginPageTest" name="verifyLoginEdgeCases" time="32.554"/>
  <testcase classname="com.ecom.tests.UI_LoginPageTest" name="verifyLoginEdgeCases" time="32.532"/>
  <testcase classname="com.ecom.tests.UI_LoginPageTest" name="verifyLoginEdgeCases" time="22.980"/>
  <testcase classname="com.ecom.tests.UI_LoginPageTest" name="verifyLoginEdgeCases" time="22.961"/>
  <testcase classname="com.ecom.tests.UI_LoginPageTest" name="verifyLoginEdgeCases" time="32.268"/>
  <testcase classname="com.ecom.tests.UI_LoginPageTest" name="verifyLoginEdgeCases" time="22.747"/>
  <testcase classname="com.ecom.tests.UI_LoginPageTest" name="verifyValidLogin" time="17.736"/>
  <testcase classname="com.ecom.tests.UI_LoginPageTest" name="verifyScrollBarFunctionalityOnSignupLoginPage" time="11.686"/>
  <testcase classname="com.ecom.tests.UI_LoginPageTest" name="verifyScrollToTopArrowFunctionalityOnSignupLoginPage" time="13.748"/>
  <testcase classname="com.ecom.tests.UI_LoginPageTest" name="verifySubscriptionIconIsVisibleOnSignupLoginPage" time="11.661"/>
  <testcase classname="com.ecom.tests.UI_LoginPageTest" name="verifySignupLoginPageLabels" time="11.711"/>
  <testcase classname="com.ecom.tests.UI_LoginPageTest" name="verifyNavigationIconsOnSignupLoginPage" time="12.065"/>
</testsuite> <!-- com.ecom.tests.UI_LoginPageTest -->
