<?xml version="1.0" encoding="UTF-8"?>
<!-- Generated by org.testng.reporters.JUnitReportReporter -->
<testsuite hostname="DESKTOP-RGL2CCS" failures="1" tests="32" name="com.ecom.tests.RegisterPageTest_Functional" time="35.138" errors="0" timestamp="2025-09-12T21:11:13 IST" skipped="0">
  <testcase classname="com.ecom.tests.RegisterPageTest_Functional" name="verifyBrowserLaunch" time="0.286"/>
  <testcase classname="com.ecom.tests.RegisterPageTest_Functional" name="verifyHomePageVisibility" time="0.188"/>
  <testcase classname="com.ecom.tests.RegisterPageTest_Functional" name="verifySignupLoginButtonAvailability" time="1.309"/>
  <testcase classname="com.ecom.tests.RegisterPageTest_Functional" name="verifySignupLoginNavigation" time="0.269"/>
  <testcase classname="com.ecom.tests.RegisterPageTest_Functional" name="verifyNewUserSignupSectionVisibility" time="0.161"/>
  <testcase classname="com.ecom.tests.RegisterPageTest_Functional" name="verifyExistSignup" time="2.452"/>
  <testcase classname="com.ecom.tests.RegisterPageTest_Functional" name="verifyInvalidName" time="4.446">
    <failure message="Enter Account Information expected [false] but found [true]" type="java.lang.AssertionError">
      <![CDATA[java.lang.AssertionError: Enter Account Information expected [false] but found [true]
at org.testng.Assert.fail(Assert.java:111)
at org.testng.Assert.failNotEquals(Assert.java:1578)
at org.testng.Assert.assertFalse(Assert.java:79)
at com.ecom.tests.RegisterPageTest_Functional.verifyInvalidName(RegisterPageTest_Functional.java:99)
at java.base/jdk.internal.reflect.NativeMethodAccessorImpl.invoke0(Native Method)
at java.base/jdk.internal.reflect.NativeMethodAccessorImpl.invoke(NativeMethodAccessorImpl.java:77)
at java.base/jdk.internal.reflect.DelegatingMethodAccessorImpl.invoke(DelegatingMethodAccessorImpl.java:43)
at java.base/java.lang.reflect.Method.invoke(Method.java:568)
at org.testng.internal.invokers.MethodInvocationHelper.invokeMethod(MethodInvocationHelper.java:141)
at org.testng.internal.invokers.TestInvoker.invokeMethod(TestInvoker.java:686)
at org.testng.internal.invokers.TestInvoker.invokeTestMethod(TestInvoker.java:230)
at org.testng.internal.invokers.MethodRunner.runInSequence(MethodRunner.java:63)
at org.testng.internal.invokers.TestInvoker$MethodInvocationAgent.invoke(TestInvoker.java:992)
at org.testng.internal.invokers.TestInvoker.invokeTestMethods(TestInvoker.java:203)
at org.testng.internal.invokers.TestMethodWorker.invokeTestMethods(TestMethodWorker.java:154)
at org.testng.internal.invokers.TestMethodWorker.run(TestMethodWorker.java:134)
at java.base/java.util.ArrayList.forEach(ArrayList.java:1511)
at org.testng.TestRunner.privateRun(TestRunner.java:739)
at org.testng.TestRunner.run(TestRunner.java:614)
at org.testng.SuiteRunner.runTest(SuiteRunner.java:421)
at org.testng.SuiteRunner.runSequentially(SuiteRunner.java:413)
at org.testng.SuiteRunner.privateRun(SuiteRunner.java:373)
at org.testng.SuiteRunner.run(SuiteRunner.java:312)
at org.testng.SuiteRunnerWorker.runSuite(SuiteRunnerWorker.java:52)
at org.testng.SuiteRunnerWorker.run(SuiteRunnerWorker.java:95)
at org.testng.TestNG.runSuitesSequentially(TestNG.java:1274)
at org.testng.TestNG.runSuitesLocally(TestNG.java:1208)
at org.testng.TestNG.runSuites(TestNG.java:1112)
at org.testng.TestNG.run(TestNG.java:1079)
at org.testng.remote.AbstractRemoteTestNG.run(AbstractRemoteTestNG.java:115)
at org.testng.remote.RemoteTestNG.initAndRun(RemoteTestNG.java:293)
at org.testng.remote.RemoteTestNG.main(RemoteTestNG.java:91)
]]>
    </failure>
  </testcase> <!-- verifyInvalidName -->
  <testcase classname="com.ecom.tests.RegisterPageTest_Functional" name="verifyInvalidEmail" time="2.936"/>
  <testcase classname="com.ecom.tests.RegisterPageTest_Functional" name="verifySignup" time="2.633"/>
  <testcase classname="com.ecom.tests.RegisterPageTest_Functional" name="verifySignuptoCreateAccount" time="0.252"/>
  <testcase classname="com.ecom.tests.RegisterPageTest_Functional" name="selectTitleTest" time="0.383"/>
  <testcase classname="com.ecom.tests.RegisterPageTest_Functional" name="enterPasswordTest" time="0.364"/>
  <testcase classname="com.ecom.tests.RegisterPageTest_Functional" name="selectDateOfBirthTest" time="0.554"/>
  <testcase classname="com.ecom.tests.RegisterPageTest_Functional" name="selectNewsletterTest" time="0.300"/>
  <testcase classname="com.ecom.tests.RegisterPageTest_Functional" name="verifySpecialOffersCheckbox" time="0.307"/>
  <testcase classname="com.ecom.tests.RegisterPageTest_Functional" name="verifyAddressHeading" time="0.186"/>
  <testcase classname="com.ecom.tests.RegisterPageTest_Functional" name="enterFirstName" time="0.242"/>
  <testcase classname="com.ecom.tests.RegisterPageTest_Functional" name="enterLastName" time="0.268"/>
  <testcase classname="com.ecom.tests.RegisterPageTest_Functional" name="enterCompany" time="0.290"/>
  <testcase classname="com.ecom.tests.RegisterPageTest_Functional" name="enterAddress1" time="0.297"/>
  <testcase classname="com.ecom.tests.RegisterPageTest_Functional" name="enterAddress2" time="0.299"/>
  <testcase classname="com.ecom.tests.RegisterPageTest_Functional" name="selectCountry" time="0.267"/>
  <testcase classname="com.ecom.tests.RegisterPageTest_Functional" name="enterState" time="0.295"/>
  <testcase classname="com.ecom.tests.RegisterPageTest_Functional" name="enterCity" time="0.250"/>
  <testcase classname="com.ecom.tests.RegisterPageTest_Functional" name="enterZipcode" time="0.228"/>
  <testcase classname="com.ecom.tests.RegisterPageTest_Functional" name="enterMobile" time="0.255"/>
  <testcase classname="com.ecom.tests.RegisterPageTest_Functional" name="clickCreateAccountButton" time="2.528"/>
  <testcase classname="com.ecom.tests.RegisterPageTest_Functional" name="verifyAccountCreatedMessage" time="0.273"/>
  <testcase classname="com.ecom.tests.RegisterPageTest_Functional" name="verifyLoggedInAsUsername" time="5.026"/>
  <testcase classname="com.ecom.tests.RegisterPageTest_Functional" name="clickDeleteAccount" time="1.191"/>
  <testcase classname="com.ecom.tests.RegisterPageTest_Functional" name="verifyAccountDeletedMessage" time="0.289"/>
  <testcase classname="com.ecom.tests.RegisterPageTest_Functional" name="clickContinueAfterAccountDeleted" time="6.114"/>
</testsuite> <!-- com.ecom.tests.RegisterPageTest_Functional -->
