<?xml version="1.0" encoding="UTF-8"?>
<!-- Generated by org.testng.reporters.JUnitReportReporter -->
<testsuite hostname="DESKTOP-RGL2CCS" failures="0" tests="21" name="com.ecom.tests.UI_HomePageTest" time="85.908" errors="0" timestamp="2025-09-15T00:38:17 IST" skipped="0">
  <testcase classname="com.ecom.tests.UI_HomePageTest" name="verifyAutomationEngineerLogoIsVisible" time="4.726"/>
  <testcase classname="com.ecom.tests.UI_HomePageTest" name="verifyProductsButtonIsVisibleAndNavigates" time="11.424"/>
  <testcase classname="com.ecom.tests.UI_HomePageTest" name="verifyCartButtonIsVisibleAndNavigates" time="5.308"/>
  <testcase classname="com.ecom.tests.UI_HomePageTest" name="verifySignupLoginButtonIsVisibleAndNavigates" time="4.645"/>
  <testcase classname="com.ecom.tests.UI_HomePageTest" name="verifyContactUsButtonIsVisibleAndNavigates" time="4.524"/>
  <testcase classname="com.ecom.tests.UI_HomePageTest" name="verifyTestCasesButtonIsVisibleAndNavigates" time="3.560"/>
  <testcase classname="com.ecom.tests.UI_HomePageTest" name="verifyApiTestingButtonIsVisibleAndNavigates" time="4.019"/>
  <testcase classname="com.ecom.tests.UI_HomePageTest" name="verifyVideoTutorialsButtonIsVisibleAndNavigatesAndReturns" time="9.719"/>
  <testcase classname="com.ecom.tests.UI_HomePageTest" name="verifyScrollBarFunctionalityOnHomePage" time="3.300"/>
  <testcase classname="com.ecom.tests.UI_HomePageTest" name="verifyScrollToTopArrowFunctionality" time="6.599"/>
  <testcase classname="com.ecom.tests.UI_HomePageTest" name="verifySubscriptionIconIsVisibleOnHomePage" time="4.551"/>
  <testcase classname="com.ecom.tests.UI_HomePageTest" name="verifySubscriptionScenarios" time="2.731"/>
  <testcase classname="com.ecom.tests.UI_HomePageTest" name="verifySubscriptionScenarios" time="2.439"/>
  <testcase classname="com.ecom.tests.UI_HomePageTest" name="verifySubscriptionScenarios" time="3.134"/>
  <testcase classname="com.ecom.tests.UI_HomePageTest" name="verifySubscriptionScenarios" time="3.342"/>
  <testcase classname="com.ecom.tests.UI_HomePageTest" name="verifyViewProductButtonIsVisible" time="2.064"/>
  <testcase classname="com.ecom.tests.UI_HomePageTest" name="verifyBrandsSectionIsVisible" time="2.048"/>
  <testcase classname="com.ecom.tests.UI_HomePageTest" name="verifyCategorySectionIsVisible" time="1.867"/>
  <testcase classname="com.ecom.tests.UI_HomePageTest" name="verifyFeaturedItemsSectionIsVisible" time="1.994"/>
  <testcase classname="com.ecom.tests.UI_HomePageTest" name="verifyRecommendedItemsSectionIsVisible" time="2.003"/>
  <testcase classname="com.ecom.tests.UI_HomePageTest" name="verifyCarouselIndicatorDotIsVisibleAndWorking" time="1.911"/>
</testsuite> <!-- com.ecom.tests.UI_HomePageTest -->
